Started at: 1658434186.302275
Opened database successfully
Found table successfully
Display Script Successfully Updated in SQLight
{'module': 'script_Helloworld.myscript', 'name': 'app_HelloWorld_05', 'group': ['HelloWorld', '', ''], 'logfile': True, 'autorestart': 1, 'logdir': 'C:\\Users\\Jeff\\Desktop\\SilentPyton rtr\\SilentPyton\\logs\\app_HelloWorld_05/2022_07_21-12_09_46.log', 'pid': 7696, 'status': 1, 'state': 'starting', 'ts_created': 1658434186.302275, 'count_cycle': 0}
try import.......script_Helloworld.myscript
app_HelloWorld_05 - Hello World
app_HelloWorld_05 - Hello World
app_HelloWorld_05 - Hello World
app_HelloWorld_05 - Hello World
app_HelloWorld_05 - Hello World
app_HelloWorld_05 - Hello World
app_HelloWorld_05 - Hello World
app_HelloWorld_05 - Hello World
app_HelloWorld_05 - Hello World
app_HelloWorld_05 - Hello World
app_HelloWorld_05 - Hello World
app_HelloWorld_05 - Hello World
app_HelloWorld_05 - Hello World
app_HelloWorld_05 - Hello World
app_HelloWorld_05 - Hello World
app_HelloWorld_05 - Hello World
app_HelloWorld_05 - Hello World
