Started at: 1658480169.609109
Opened database successfully
Found table successfully
Display Script Successfully Updated in SQLight
{'module': 'script_display.myscript', 'name': 'display', 'group': ['group1', '', ''], 'logfile': True, 'autorestart': 0, 'logdir': 'C:\\Users\\JEF\\Desktop\\SilentPyton 123s\\SilentPyton\\logs\\display/2022_07_22-09_56_09.log', 'pid': 17088, 'status': 1, 'state': 'starting', 'ts_created': 1658480169.609109, 'count_cycle': 0}
try import.......script_display.myscript
HTML Table Updated1658480169.64811
HTML Table Updated1658480171.652651
HTML Table Updated1658480173.657652
HTML Table Updated1658480175.6627
HTML Table Updated1658480177.667711
HTML Table Updated1658480179.672567
HTML Table Updated1658480181.677882
HTML Table Updated1658480183.682707
HTML Table Updated1658480185.687562
HTML Table Updated1658480187.693505
HTML Table Updated1658480189.69765
HTML Table Updated1658480191.701998
HTML Table Updated1658480193.707765
HTML Table Updated1658480195.711978
HTML Table Updated1658480197.716315
HTML Table Updated1658480199.720223
HTML Table Updated1658480201.724639
HTML Table Updated1658480203.729148
HTML Table Updated1658480205.733985
HTML Table Updated1658480207.73845
HTML Table Updated1658480209.743401
HTML Table Updated1658480211.747598
HTML Table Updated1658480213.752533
HTML Table Updated1658480215.758287
HTML Table Updated1658480217.762662
HTML Table Updated1658480219.766999
HTML Table Updated1658480221.772748
HTML Table Updated1658480223.777809
HTML Table Updated1658480225.78357
HTML Table Updated1658480227.787608
HTML Table Updated1658480229.792101
HTML Table Updated1658480231.796892
HTML Table Updated1658480233.801375
HTML Table Updated1658480235.806271
HTML Table Updated1658480237.815008
HTML Table Updated1658480239.820224
HTML Table Updated1658480241.825564
HTML Table Updated1658480243.831264
HTML Table Updated1658480245.835904
HTML Table Updated1658480247.842608
HTML Table Updated1658480249.848043
HTML Table Updated1658480251.854472
HTML Table Updated1658480253.85973
HTML Table Updated1658480255.864935
HTML Table Updated1658480257.873175
HTML Table Updated1658480259.87759
HTML Table Updated1658480261.884679
HTML Table Updated1658480263.889388
HTML Table Updated1658480265.897773
HTML Table Updated1658480267.905031
HTML Table Updated1658480269.911498
HTML Table Updated1658480271.917327
HTML Table Updated1658480273.923216
HTML Table Updated1658480275.928408
HTML Table Updated1658480277.933997
HTML Table Updated1658480279.939183
HTML Table Updated1658480281.945619
HTML Table Updated1658480283.951235
HTML Table Updated1658480285.955818
HTML Table Updated1658480287.961361
HTML Table Updated1658480289.966796
HTML Table Updated1658480291.973778
HTML Table Updated1658480293.977984
HTML Table Updated1658480295.98312
HTML Table Updated1658480297.988969
HTML Table Updated1658480300.582363
HTML Table Updated1658480302.596586
HTML Table Updated1658480304.610593
HTML Table Updated1658480306.618563
HTML Table Updated1658480308.625231
HTML Table Updated1658480310.634623
HTML Table Updated1658480312.644579
HTML Table Updated1658480314.654454
HTML Table Updated1658480316.663043
HTML Table Updated1658480318.671724
HTML Table Updated1658480320.67906
HTML Table Updated1658480322.683387
HTML Table Updated1658480324.693641
HTML Table Updated1658480326.701629
HTML Table Updated1658480328.709739
HTML Table Updated1658480330.714228
HTML Table Updated1658480332.724974
HTML Table Updated1658480334.733127
HTML Table Updated1658480336.741637
HTML Table Updated1658480338.745886
HTML Table Updated1658480340.750411
HTML Table Updated1658480342.754604
HTML Table Updated1658480344.760444
HTML Table Updated1658480346.765012
HTML Table Updated1658480348.769047
HTML Table Updated1658480350.773373
HTML Table Updated1658480352.778556
HTML Table Updated1658480354.783973
HTML Table Updated1658480356.788499
HTML Table Updated1658480358.793052
HTML Table Updated1658480360.799191
HTML Table Updated1658480362.805299
HTML Table Updated1658480364.810562
HTML Table Updated1658480366.818103
HTML Table Updated1658480368.822737
HTML Table Updated1658480370.827424
HTML Table Updated1658480372.832462
HTML Table Updated1658480374.83799
HTML Table Updated1658480376.843415
HTML Table Updated1658480378.849286
HTML Table Updated1658480380.856313
HTML Table Updated1658480382.861891
HTML Table Updated1658480384.866505
HTML Table Updated1658480386.873268
HTML Table Updated1658480388.878302
HTML Table Updated1658480390.883857
HTML Table Updated1658480392.890503
HTML Table Updated1658480394.896333
HTML Table Updated1658480396.901499
HTML Table Updated1658480398.906562
HTML Table Updated1658480400.912177
HTML Table Updated1658480402.917763
HTML Table Updated1658480404.923428
HTML Table Updated1658480406.929002
HTML Table Updated1658480408.934412
HTML Table Updated1658480410.941165
HTML Table Updated1658480412.945255
HTML Table Updated1658480414.949696
HTML Table Updated1658480416.955466
HTML Table Updated1658480418.961223
HTML Table Updated1658480420.966592
HTML Table Updated1658480422.972105
HTML Table Updated1658480424.977011
HTML Table Updated1658480426.983042
HTML Table Updated1658480428.988369
HTML Table Updated1658480430.99351
HTML Table Updated1658480432.998214
HTML Table Updated1658480435.004179
HTML Table Updated1658480437.008682
HTML Table Updated1658480439.013269
HTML Table Updated1658480441.018126
HTML Table Updated1658480443.023805
HTML Table Updated1658480445.029788
HTML Table Updated1658480447.035655
HTML Table Updated1658480449.041502
HTML Table Updated1658480451.045734
HTML Table Updated1658480453.050708
HTML Table Updated1658480455.056343
HTML Table Updated1658480457.063323
HTML Table Updated1658480459.0684
HTML Table Updated1658480461.073319
HTML Table Updated1658480463.078783
HTML Table Updated1658480465.085302
HTML Table Updated1658480467.090469
HTML Table Updated1658480469.094484
HTML Table Updated1658480471.100071
HTML Table Updated1658480473.104371
HTML Table Updated1658480475.10874
HTML Table Updated1658480477.114918
HTML Table Updated1658480479.120494
HTML Table Updated1658480481.124588
HTML Table Updated1658480483.129464
HTML Table Updated1658480485.13452
HTML Table Updated1658480487.14003
HTML Table Updated1658480489.145516
HTML Table Updated1658480491.151714
