Started at: 1658417675.443476
Opened database successfully
Found table successfully
Display Script Successfully Updated in SQLight
{'module': 'script_display.myscript', 'name': 'display', 'group': ['group1', '', ''], 'logfile': True, 'autorestart': 0, 'logdir': 'D:\\Python\\Monitoring Scripts\\SilentPython 3 Export\\logs\\display/2022_07_21-16_34_35.log', 'pid': 20428, 'status': 1, 'state': 'starting', 'ts_created': 1658417675.443476, 'count_cycle': 0}
try import.......script_display.myscript
HTML Table Updated1658417675.480487
HTML Table Updated1658417677.4855
HTML Table Updated1658417679.492119
HTML Table Updated1658417681.498409
HTML Table Updated1658417683.503081
HTML Table Updated1658417685.508469
HTML Table Updated1658417687.513468
HTML Table Updated1658417689.518905
HTML Table Updated1658417691.524763
HTML Table Updated1658417693.530172
HTML Table Updated1658417695.535401
HTML Table Updated1658417697.540433
HTML Table Updated1658417699.546322
HTML Table Updated1658417701.551399
HTML Table Updated1658417703.557101
HTML Table Updated1658417705.563912
HTML Table Updated1658417707.56961
HTML Table Updated1658417709.575531
HTML Table Updated1658417711.581745
HTML Table Updated1658417713.587768
HTML Table Updated1658417715.592623
HTML Table Updated1658417717.598194
HTML Table Updated1658417719.603776
HTML Table Updated1658417721.609426
HTML Table Updated1658417723.615304
HTML Table Updated1658417725.621033
HTML Table Updated1658417727.626885
HTML Table Updated1658417729.63211
HTML Table Updated1658417731.63769
HTML Table Updated1658417733.642679
HTML Table Updated1658417735.649051
HTML Table Updated1658417737.654411
HTML Table Updated1658417739.65979
HTML Table Updated1658417741.665564
HTML Table Updated1658417743.671836
HTML Table Updated1658417745.67818
HTML Table Updated1658417747.683919
HTML Table Updated1658417749.689729
HTML Table Updated1658417751.69493
HTML Table Updated1658417753.701174
HTML Table Updated1658417755.707171
HTML Table Updated1658417757.71228
HTML Table Updated1658417759.721421
HTML Table Updated1658417761.726726
HTML Table Updated1658417763.732607
HTML Table Updated1658417765.738182
HTML Table Updated1658417767.743337
HTML Table Updated1658417769.748739
HTML Table Updated1658417771.755026
HTML Table Updated1658417773.761674
HTML Table Updated1658417775.767937
HTML Table Updated1658417777.773447
HTML Table Updated1658417779.780365
HTML Table Updated1658417781.785375
HTML Table Updated1658417783.790413
HTML Table Updated1658417785.795904
HTML Table Updated1658417787.801394
HTML Table Updated1658417789.807911
HTML Table Updated1658417791.814193
HTML Table Updated1658417793.820044
HTML Table Updated1658417795.825881
HTML Table Updated1658417797.830983
HTML Table Updated1658417799.836135
HTML Table Updated1658417801.841597
HTML Table Updated1658417803.84696
HTML Table Updated1658417805.852783
HTML Table Updated1658417807.857963
HTML Table Updated1658417809.86376
HTML Table Updated1658417811.868998
HTML Table Updated1658417813.874679
HTML Table Updated1658417815.880766
HTML Table Updated1658417817.886341
HTML Table Updated1658417819.891744
HTML Table Updated1658417821.898043
HTML Table Updated1658417823.903914
HTML Table Updated1658417825.909845
HTML Table Updated1658417827.914989
HTML Table Updated1658417829.921115
HTML Table Updated1658417831.926514
HTML Table Updated1658417833.931945
HTML Table Updated1658417835.937792
HTML Table Updated1658417837.942979
HTML Table Updated1658417839.949395
HTML Table Updated1658417841.954407
HTML Table Updated1658417843.960151
HTML Table Updated1658417845.965872
HTML Table Updated1658417847.971033
HTML Table Updated1658417849.977318
HTML Table Updated1658417851.983724
HTML Table Updated1658417853.988879
HTML Table Updated1658417855.993865
HTML Table Updated1658417857.999894
HTML Table Updated1658417860.005754
HTML Table Updated1658417862.01254
HTML Table Updated1658417864.018446
HTML Table Updated1658417866.024201
HTML Table Updated1658417868.029915
HTML Table Updated1658417870.03588
HTML Table Updated1658417872.041623
HTML Table Updated1658417874.047059
HTML Table Updated1658417876.053603
HTML Table Updated1658417878.059422
HTML Table Updated1658417880.065731
HTML Table Updated1658417882.071293
HTML Table Updated1658417884.076114
HTML Table Updated1658417886.081383
HTML Table Updated1658417888.087127
HTML Table Updated1658417890.093353
HTML Table Updated1658417892.100275
HTML Table Updated1658417894.105751
HTML Table Updated1658417896.111425
HTML Table Updated1658417898.117261
HTML Table Updated1658417900.122909
HTML Table Updated1658417902.127925
HTML Table Updated1658417904.133534
HTML Table Updated1658417906.13968
HTML Table Updated1658417908.144882
HTML Table Updated1658417910.150721
HTML Table Updated1658417912.155733
HTML Table Updated1658417914.160913
HTML Table Updated1658417916.165908
HTML Table Updated1658417918.171894
HTML Table Updated1658417920.177765
HTML Table Updated1658417922.182923
HTML Table Updated1658417924.18887
HTML Table Updated1658417926.194793
HTML Table Updated1658417928.200844
HTML Table Updated1658417930.207173
HTML Table Updated1658417932.21279
HTML Table Updated1658417934.21801
HTML Table Updated1658417936.223494
HTML Table Updated1658417938.229459
HTML Table Updated1658417940.235474
HTML Table Updated1658417942.241332
HTML Table Updated1658417944.247362
HTML Table Updated1658417946.252779
HTML Table Updated1658417948.259111
HTML Table Updated1658417950.264572
HTML Table Updated1658417952.270497
HTML Table Updated1658417954.276281
HTML Table Updated1658417956.282051
HTML Table Updated1658417958.287943
HTML Table Updated1658417960.294061
HTML Table Updated1658417962.29939
HTML Table Updated1658417964.30553
HTML Table Updated1658417966.311386
HTML Table Updated1658417968.316941
HTML Table Updated1658417970.323059
HTML Table Updated1658417972.32926
HTML Table Updated1658417974.334266
HTML Table Updated1658417976.339822
HTML Table Updated1658417978.345296
HTML Table Updated1658417980.35099
HTML Table Updated1658417982.356562
HTML Table Updated1658417984.36259
HTML Table Updated1658417986.368696
HTML Table Updated1658417988.373902
HTML Table Updated1658417990.380535
HTML Table Updated1658417992.386215
HTML Table Updated1658417994.391196
HTML Table Updated1658417996.396762
HTML Table Updated1658417998.402352
HTML Table Updated1658418000.408192
HTML Table Updated1658418002.41366
HTML Table Updated1658418004.420995
HTML Table Updated1658418006.426161
HTML Table Updated1658418008.431111
HTML Table Updated1658418010.436939
HTML Table Updated1658418012.442795
HTML Table Updated1658418014.449442
HTML Table Updated1658418016.455048
HTML Table Updated1658418018.460962
HTML Table Updated1658418020.466944
HTML Table Updated1658418022.473241
HTML Table Updated1658418024.478555
HTML Table Updated1658418026.483826
HTML Table Updated1658418028.490271
HTML Table Updated1658418030.497584
HTML Table Updated1658418032.504839
HTML Table Updated1658418034.510899
HTML Table Updated1658418036.516346
HTML Table Updated1658418038.521474
HTML Table Updated1658418040.526238
HTML Table Updated1658418042.531958
HTML Table Updated1658418044.537649
HTML Table Updated1658418046.543019
HTML Table Updated1658418048.548551
HTML Table Updated1658418050.553711
HTML Table Updated1658418052.559657
HTML Table Updated1658418054.565379
HTML Table Updated1658418056.572006
HTML Table Updated1658418058.577631
HTML Table Updated1658418060.582606
HTML Table Updated1658418062.58784
HTML Table Updated1658418064.593288
HTML Table Updated1658418066.60073
HTML Table Updated1658418068.606698
HTML Table Updated1658418070.613338
HTML Table Updated1658418072.619834
HTML Table Updated1658418074.625112
HTML Table Updated1658418076.630623
HTML Table Updated1658418078.637155
HTML Table Updated1658418080.64367
HTML Table Updated1658418082.648976
HTML Table Updated1658418084.654719
HTML Table Updated1658418086.659925
HTML Table Updated1658418088.665929
HTML Table Updated1658418090.671916
HTML Table Updated1658418092.677751
HTML Table Updated1658418094.68297
HTML Table Updated1658418096.688114
HTML Table Updated1658418098.692562
HTML Table Updated1658418100.699577
HTML Table Updated1658418102.705128
HTML Table Updated1658418104.710414
HTML Table Updated1658418106.715426
HTML Table Updated1658418108.720577
HTML Table Updated1658418110.726595
HTML Table Updated1658418112.731922
HTML Table Updated1658418114.737052
HTML Table Updated1658418116.743756
HTML Table Updated1658418118.748828
HTML Table Updated1658418120.755806
HTML Table Updated1658418122.761554
HTML Table Updated1658418124.766742
HTML Table Updated1658418126.772665
HTML Table Updated1658418128.777959
HTML Table Updated1658418130.783179
HTML Table Updated1658418132.788412
HTML Table Updated1658418134.793612
HTML Table Updated1658418136.79902
HTML Table Updated1658418138.805032
HTML Table Updated1658418140.810208
HTML Table Updated1658418142.815228
HTML Table Updated1658418144.821197
HTML Table Updated1658418146.8264
HTML Table Updated1658418148.832008
HTML Table Updated1658418150.837487
HTML Table Updated1658418152.843214
HTML Table Updated1658418154.848961
HTML Table Updated1658418156.855184
HTML Table Updated1658418158.861765
HTML Table Updated1658418160.867596
HTML Table Updated1658418162.873318
HTML Table Updated1658418164.879078
HTML Table Updated1658418166.884285
HTML Table Updated1658418168.889717
HTML Table Updated1658418170.894523
HTML Table Updated1658418172.899578
HTML Table Updated1658418174.905105
HTML Table Updated1658418176.909546
HTML Table Updated1658418178.91515
HTML Table Updated1658418180.921046
HTML Table Updated1658418182.926849
HTML Table Updated1658418184.932468
HTML Table Updated1658418186.938015
HTML Table Updated1658418188.943532
HTML Table Updated1658418190.948977
HTML Table Updated1658418192.955977
HTML Table Updated1658418194.961921
HTML Table Updated1658418196.967365
HTML Table Updated1658418198.972837
HTML Table Updated1658418200.981505
HTML Table Updated1658418202.988652
HTML Table Updated1658418204.993664
HTML Table Updated1658418206.999254
HTML Table Updated1658418209.004571
HTML Table Updated1658418211.010493
HTML Table Updated1658418213.016498
HTML Table Updated1658418215.021567
HTML Table Updated1658418217.026871
HTML Table Updated1658418219.032067
HTML Table Updated1658418221.037947
HTML Table Updated1658418223.042985
HTML Table Updated1658418225.048735
HTML Table Updated1658418227.053957
HTML Table Updated1658418229.059429
HTML Table Updated1658418231.064954
HTML Table Updated1658418233.071662
HTML Table Updated1658418235.077117
HTML Table Updated1658418237.082748
HTML Table Updated1658418239.088937
HTML Table Updated1658418241.094983
HTML Table Updated1658418243.100199
HTML Table Updated1658418245.106185
HTML Table Updated1658418247.111512
HTML Table Updated1658418249.117421
HTML Table Updated1658418251.122458
HTML Table Updated1658418253.133134
HTML Table Updated1658418255.139784
HTML Table Updated1658418257.145502
HTML Table Updated1658418259.151082
HTML Table Updated1658418261.156499
HTML Table Updated1658418263.162862
HTML Table Updated1658418265.168281
HTML Table Updated1658418267.173558
HTML Table Updated1658418269.179354
HTML Table Updated1658418271.185118
HTML Table Updated1658418273.19059
HTML Table Updated1658418275.196466
HTML Table Updated1658418277.202015
HTML Table Updated1658418279.207927
