Started at: 1658484405.654635
Opened database successfully
Found table successfully
Display Script Successfully Updated in SQLight
{'module': 'script_Helloworld.myscript', 'name': 'app_HelloWorld_9', 'group': ['group1', '', ''], 'logfile': True, 'autorestart': 0, 'logdir': 'C:\\Users\\Jeff\\Desktop\\SilentPyton\\SilentPyton\\logs\\app_HelloWorld_9/2022_07_22-02_06_45.log', 'pid': 7744, 'status': 1, 'state': 'starting', 'ts_created': 1658484405.654635, 'count_cycle': 0}
try import.......script_Helloworld.myscript
app_HelloWorld_9 - Hello World
app_HelloWorld_9 - Hello World
app_HelloWorld_9 - Hello World
app_HelloWorld_9 - Hello World
app_HelloWorld_9 - Hello World
app_HelloWorld_9 - Hello World
app_HelloWorld_9 - Hello World
app_HelloWorld_9 - Hello World
app_HelloWorld_9 - Hello World
app_HelloWorld_9 - Hello World
app_HelloWorld_9 - Hello World
app_HelloWorld_9 - Hello World
app_HelloWorld_9 - Hello World
app_HelloWorld_9 - Hello World
app_HelloWorld_9 - Hello World
app_HelloWorld_9 - Hello World
app_HelloWorld_9 - Hello World
app_HelloWorld_9 - Hello World
app_HelloWorld_9 - Hello World
app_HelloWorld_9 - Hello World
app_HelloWorld_9 - Hello World
app_HelloWorld_9 - Hello World
app_HelloWorld_9 - Hello World
app_HelloWorld_9 - Hello World
app_HelloWorld_9 - Hello World
app_HelloWorld_9 - Hello World
app_HelloWorld_9 - Hello World
app_HelloWorld_9 - Hello World
app_HelloWorld_9 - Hello World
app_HelloWorld_9 - Hello World
app_HelloWorld_9 - Hello World
app_HelloWorld_9 - Hello World
app_HelloWorld_9 - Hello World
app_HelloWorld_9 - Hello World
app_HelloWorld_9 - Hello World
app_HelloWorld_9 - Hello World
app_HelloWorld_9 - Hello World
app_HelloWorld_9 - Hello World
