Started at: 1658498945.908429
Opened database successfully
Found table successfully
Display Script Successfully Updated in SQLight
{'module': 'script_Helloworld.myscript', 'name': 'app_HelloWorld_9', 'group': ['group1', '', ''], 'logfile': True, 'autorestart': 0, 'logdir': 'C:\\Users\\JEF\\Documents\\GitHub\\SilentPyton\\logs\\app_HelloWorld_9/2022_07_22-15_09_05.log', 'pid': 8944, 'status': 1, 'state': 'starting', 'ts_created': 1658498945.908429, 'count_cycle': 0}
try import.......script_Helloworld.myscript
app_HelloWorld_9 - Hello World
app_HelloWorld_9 - Hello World
app_HelloWorld_9 - Hello World
app_HelloWorld_9 - Hello World
app_HelloWorld_9 - Hello World
app_HelloWorld_9 - Hello World
app_HelloWorld_9 - Hello World
app_HelloWorld_9 - Hello World
app_HelloWorld_9 - Hello World
app_HelloWorld_9 - Hello World
app_HelloWorld_9 - Hello World
app_HelloWorld_9 - Hello World
app_HelloWorld_9 - Hello World
app_HelloWorld_9 - Hello World
app_HelloWorld_9 - Hello World
app_HelloWorld_9 - Hello World
app_HelloWorld_9 - Hello World
app_HelloWorld_9 - Hello World
app_HelloWorld_9 - Hello World
app_HelloWorld_9 - Hello World
app_HelloWorld_9 - Hello World
app_HelloWorld_9 - Hello World
app_HelloWorld_9 - Hello World
app_HelloWorld_9 - Hello World
app_HelloWorld_9 - Hello World
app_HelloWorld_9 - Hello World
app_HelloWorld_9 - Hello World
app_HelloWorld_9 - Hello World
app_HelloWorld_9 - Hello World
app_HelloWorld_9 - Hello World
app_HelloWorld_9 - Hello World
app_HelloWorld_9 - Hello World
app_HelloWorld_9 - Hello World
app_HelloWorld_9 - Hello World
app_HelloWorld_9 - Hello World
app_HelloWorld_9 - Hello World
app_HelloWorld_9 - Hello World
app_HelloWorld_9 - Hello World
app_HelloWorld_9 - Hello World
app_HelloWorld_9 - Hello World
app_HelloWorld_9 - Hello World
app_HelloWorld_9 - Hello World
app_HelloWorld_9 - Hello World
app_HelloWorld_9 - Hello World
app_HelloWorld_9 - Hello World
app_HelloWorld_9 - Hello World
app_HelloWorld_9 - Hello World
app_HelloWorld_9 - Hello World
app_HelloWorld_9 - Hello World
app_HelloWorld_9 - Hello World
app_HelloWorld_9 - Hello World
app_HelloWorld_9 - Hello World
app_HelloWorld_9 - Hello World
app_HelloWorld_9 - Hello World
app_HelloWorld_9 - Hello World
app_HelloWorld_9 - Hello World
app_HelloWorld_9 - Hello World
app_HelloWorld_9 - Hello World
app_HelloWorld_9 - Hello World
app_HelloWorld_9 - Hello World
app_HelloWorld_9 - Hello World
app_HelloWorld_9 - Hello World
app_HelloWorld_9 - Hello World
app_HelloWorld_9 - Hello World
app_HelloWorld_9 - Hello World
app_HelloWorld_9 - Hello World
app_HelloWorld_9 - Hello World
app_HelloWorld_9 - Hello World
app_HelloWorld_9 - Hello World
app_HelloWorld_9 - Hello World
app_HelloWorld_9 - Hello World
app_HelloWorld_9 - Hello World
app_HelloWorld_9 - Hello World
app_HelloWorld_9 - Hello World
app_HelloWorld_9 - Hello World
app_HelloWorld_9 - Hello World
app_HelloWorld_9 - Hello World
app_HelloWorld_9 - Hello World
app_HelloWorld_9 - Hello World
app_HelloWorld_9 - Hello World
app_HelloWorld_9 - Hello World
app_HelloWorld_9 - Hello World
app_HelloWorld_9 - Hello World
app_HelloWorld_9 - Hello World
app_HelloWorld_9 - Hello World
app_HelloWorld_9 - Hello World
app_HelloWorld_9 - Hello World
app_HelloWorld_9 - Hello World
app_HelloWorld_9 - Hello World
app_HelloWorld_9 - Hello World
app_HelloWorld_9 - Hello World
app_HelloWorld_9 - Hello World
app_HelloWorld_9 - Hello World
app_HelloWorld_9 - Hello World
app_HelloWorld_9 - Hello World
app_HelloWorld_9 - Hello World
app_HelloWorld_9 - Hello World
app_HelloWorld_9 - Hello World
app_HelloWorld_9 - Hello World
app_HelloWorld_9 - Hello World
app_HelloWorld_9 - Hello World
app_HelloWorld_9 - Hello World
app_HelloWorld_9 - Hello World
app_HelloWorld_9 - Hello World
app_HelloWorld_9 - Hello World
app_HelloWorld_9 - Hello World
app_HelloWorld_9 - Hello World
app_HelloWorld_9 - Hello World
app_HelloWorld_9 - Hello World
app_HelloWorld_9 - Hello World
app_HelloWorld_9 - Hello World
app_HelloWorld_9 - Hello World
app_HelloWorld_9 - Hello World
app_HelloWorld_9 - Hello World
app_HelloWorld_9 - Hello World
app_HelloWorld_9 - Hello World
app_HelloWorld_9 - Hello World
app_HelloWorld_9 - Hello World
app_HelloWorld_9 - Hello World
app_HelloWorld_9 - Hello World
app_HelloWorld_9 - Hello World
app_HelloWorld_9 - Hello World
app_HelloWorld_9 - Hello World
app_HelloWorld_9 - Hello World
app_HelloWorld_9 - Hello World
app_HelloWorld_9 - Hello World
app_HelloWorld_9 - Hello World
app_HelloWorld_9 - Hello World
app_HelloWorld_9 - Hello World
app_HelloWorld_9 - Hello World
app_HelloWorld_9 - Hello World
app_HelloWorld_9 - Hello World
app_HelloWorld_9 - Hello World
app_HelloWorld_9 - Hello World
app_HelloWorld_9 - Hello World
app_HelloWorld_9 - Hello World
app_HelloWorld_9 - Hello World
app_HelloWorld_9 - Hello World
app_HelloWorld_9 - Hello World
app_HelloWorld_9 - Hello World
app_HelloWorld_9 - Hello World
app_HelloWorld_9 - Hello World
app_HelloWorld_9 - Hello World
app_HelloWorld_9 - Hello World
app_HelloWorld_9 - Hello World
app_HelloWorld_9 - Hello World
app_HelloWorld_9 - Hello World
app_HelloWorld_9 - Hello World
app_HelloWorld_9 - Hello World
app_HelloWorld_9 - Hello World
app_HelloWorld_9 - Hello World
app_HelloWorld_9 - Hello World
app_HelloWorld_9 - Hello World
app_HelloWorld_9 - Hello World
app_HelloWorld_9 - Hello World
app_HelloWorld_9 - Hello World
app_HelloWorld_9 - Hello World
app_HelloWorld_9 - Hello World
app_HelloWorld_9 - Hello World
app_HelloWorld_9 - Hello World
app_HelloWorld_9 - Hello World
app_HelloWorld_9 - Hello World
app_HelloWorld_9 - Hello World
app_HelloWorld_9 - Hello World
app_HelloWorld_9 - Hello World
app_HelloWorld_9 - Hello World
app_HelloWorld_9 - Hello World
app_HelloWorld_9 - Hello World
app_HelloWorld_9 - Hello World
app_HelloWorld_9 - Hello World
app_HelloWorld_9 - Hello World
app_HelloWorld_9 - Hello World
app_HelloWorld_9 - Hello World
app_HelloWorld_9 - Hello World
app_HelloWorld_9 - Hello World
app_HelloWorld_9 - Hello World
app_HelloWorld_9 - Hello World
app_HelloWorld_9 - Hello World
app_HelloWorld_9 - Hello World
app_HelloWorld_9 - Hello World
app_HelloWorld_9 - Hello World
app_HelloWorld_9 - Hello World
app_HelloWorld_9 - Hello World
app_HelloWorld_9 - Hello World
app_HelloWorld_9 - Hello World
app_HelloWorld_9 - Hello World
app_HelloWorld_9 - Hello World
app_HelloWorld_9 - Hello World
app_HelloWorld_9 - Hello World
app_HelloWorld_9 - Hello World
app_HelloWorld_9 - Hello World
app_HelloWorld_9 - Hello World
app_HelloWorld_9 - Hello World
app_HelloWorld_9 - Hello World
app_HelloWorld_9 - Hello World
app_HelloWorld_9 - Hello World
app_HelloWorld_9 - Hello World
app_HelloWorld_9 - Hello World
app_HelloWorld_9 - Hello World
app_HelloWorld_9 - Hello World
app_HelloWorld_9 - Hello World
app_HelloWorld_9 - Hello World
app_HelloWorld_9 - Hello World
app_HelloWorld_9 - Hello World
app_HelloWorld_9 - Hello World
app_HelloWorld_9 - Hello World
app_HelloWorld_9 - Hello World
app_HelloWorld_9 - Hello World
app_HelloWorld_9 - Hello World
app_HelloWorld_9 - Hello World
app_HelloWorld_9 - Hello World
app_HelloWorld_9 - Hello World
app_HelloWorld_9 - Hello World
app_HelloWorld_9 - Hello World
app_HelloWorld_9 - Hello World
app_HelloWorld_9 - Hello World
app_HelloWorld_9 - Hello World
app_HelloWorld_9 - Hello World
app_HelloWorld_9 - Hello World
app_HelloWorld_9 - Hello World
app_HelloWorld_9 - Hello World
app_HelloWorld_9 - Hello World
app_HelloWorld_9 - Hello World
app_HelloWorld_9 - Hello World
app_HelloWorld_9 - Hello World
app_HelloWorld_9 - Hello World
app_HelloWorld_9 - Hello World
app_HelloWorld_9 - Hello World
app_HelloWorld_9 - Hello World
app_HelloWorld_9 - Hello World
app_HelloWorld_9 - Hello World
app_HelloWorld_9 - Hello World
app_HelloWorld_9 - Hello World
app_HelloWorld_9 - Hello World
app_HelloWorld_9 - Hello World
app_HelloWorld_9 - Hello World
app_HelloWorld_9 - Hello World
app_HelloWorld_9 - Hello World
app_HelloWorld_9 - Hello World
app_HelloWorld_9 - Hello World
app_HelloWorld_9 - Hello World
app_HelloWorld_9 - Hello World
app_HelloWorld_9 - Hello World
app_HelloWorld_9 - Hello World
app_HelloWorld_9 - Hello World
app_HelloWorld_9 - Hello World
app_HelloWorld_9 - Hello World
app_HelloWorld_9 - Hello World
app_HelloWorld_9 - Hello World
app_HelloWorld_9 - Hello World
app_HelloWorld_9 - Hello World
app_HelloWorld_9 - Hello World
app_HelloWorld_9 - Hello World
app_HelloWorld_9 - Hello World
app_HelloWorld_9 - Hello World
app_HelloWorld_9 - Hello World
app_HelloWorld_9 - Hello World
app_HelloWorld_9 - Hello World
app_HelloWorld_9 - Hello World
app_HelloWorld_9 - Hello World
app_HelloWorld_9 - Hello World
app_HelloWorld_9 - Hello World
app_HelloWorld_9 - Hello World
app_HelloWorld_9 - Hello World
app_HelloWorld_9 - Hello World
app_HelloWorld_9 - Hello World
app_HelloWorld_9 - Hello World
app_HelloWorld_9 - Hello World
app_HelloWorld_9 - Hello World
app_HelloWorld_9 - Hello World
app_HelloWorld_9 - Hello World
app_HelloWorld_9 - Hello World
app_HelloWorld_9 - Hello World
app_HelloWorld_9 - Hello World
app_HelloWorld_9 - Hello World
app_HelloWorld_9 - Hello World
app_HelloWorld_9 - Hello World
app_HelloWorld_9 - Hello World
app_HelloWorld_9 - Hello World
app_HelloWorld_9 - Hello World
app_HelloWorld_9 - Hello World
app_HelloWorld_9 - Hello World
app_HelloWorld_9 - Hello World
app_HelloWorld_9 - Hello World
app_HelloWorld_9 - Hello World
app_HelloWorld_9 - Hello World
app_HelloWorld_9 - Hello World
app_HelloWorld_9 - Hello World
app_HelloWorld_9 - Hello World
app_HelloWorld_9 - Hello World
app_HelloWorld_9 - Hello World
app_HelloWorld_9 - Hello World
app_HelloWorld_9 - Hello World
app_HelloWorld_9 - Hello World
app_HelloWorld_9 - Hello World
app_HelloWorld_9 - Hello World
app_HelloWorld_9 - Hello World
app_HelloWorld_9 - Hello World
app_HelloWorld_9 - Hello World
app_HelloWorld_9 - Hello World
app_HelloWorld_9 - Hello World
app_HelloWorld_9 - Hello World
app_HelloWorld_9 - Hello World
app_HelloWorld_9 - Hello World
app_HelloWorld_9 - Hello World
app_HelloWorld_9 - Hello World
app_HelloWorld_9 - Hello World
app_HelloWorld_9 - Hello World
app_HelloWorld_9 - Hello World
app_HelloWorld_9 - Hello World
app_HelloWorld_9 - Hello World
app_HelloWorld_9 - Hello World
app_HelloWorld_9 - Hello World
app_HelloWorld_9 - Hello World
app_HelloWorld_9 - Hello World
app_HelloWorld_9 - Hello World
app_HelloWorld_9 - Hello World
app_HelloWorld_9 - Hello World
app_HelloWorld_9 - Hello World
app_HelloWorld_9 - Hello World
app_HelloWorld_9 - Hello World
app_HelloWorld_9 - Hello World
app_HelloWorld_9 - Hello World
app_HelloWorld_9 - Hello World
app_HelloWorld_9 - Hello World
app_HelloWorld_9 - Hello World
app_HelloWorld_9 - Hello World
app_HelloWorld_9 - Hello World
app_HelloWorld_9 - Hello World
app_HelloWorld_9 - Hello World
app_HelloWorld_9 - Hello World
app_HelloWorld_9 - Hello World
app_HelloWorld_9 - Hello World
app_HelloWorld_9 - Hello World
app_HelloWorld_9 - Hello World
app_HelloWorld_9 - Hello World
app_HelloWorld_9 - Hello World
app_HelloWorld_9 - Hello World
app_HelloWorld_9 - Hello World
app_HelloWorld_9 - Hello World
app_HelloWorld_9 - Hello World
app_HelloWorld_9 - Hello World
app_HelloWorld_9 - Hello World
app_HelloWorld_9 - Hello World
app_HelloWorld_9 - Hello World
app_HelloWorld_9 - Hello World
app_HelloWorld_9 - Hello World
app_HelloWorld_9 - Hello World
app_HelloWorld_9 - Hello World
app_HelloWorld_9 - Hello World
app_HelloWorld_9 - Hello World
app_HelloWorld_9 - Hello World
app_HelloWorld_9 - Hello World
app_HelloWorld_9 - Hello World
app_HelloWorld_9 - Hello World
app_HelloWorld_9 - Hello World
app_HelloWorld_9 - Hello World
