Started at: 1658436397.743689
Opened database successfully
Found table successfully
Previous item found in mysql attempt kill & delete
Display Script Successfully Updated in SQLight
{'module': 'script_Helloworld.myscript', 'name': 'app_HelloWorld_08', 'group': ['HelloWorld', '', ''], 'logfile': True, 'autorestart': 0, 'logdir': 'C:\\Users\\Jeff\\Desktop\\SilentPyton 123\\SilentPyton\\logs\\app_HelloWorld_08/2022_07_21-12_46_37.log', 'pid': 7352, 'status': 1, 'state': 'starting', 'ts_created': 1658436397.743689, 'count_cycle': 0}
try import.......script_Helloworld.myscript
app_HelloWorld_08 - Hello World
app_HelloWorld_08 - Hello World
app_HelloWorld_08 - Hello World
app_HelloWorld_08 - Hello World
app_HelloWorld_08 - Hello World
app_HelloWorld_08 - Hello World
app_HelloWorld_08 - Hello World
app_HelloWorld_08 - Hello World
app_HelloWorld_08 - Hello World
app_HelloWorld_08 - Hello World
app_HelloWorld_08 - Hello World
app_HelloWorld_08 - Hello World
app_HelloWorld_08 - Hello World
app_HelloWorld_08 - Hello World
app_HelloWorld_08 - Hello World
app_HelloWorld_08 - Hello World
app_HelloWorld_08 - Hello World
