Started at: 1658484404.138932
Opened database successfully
Found table successfully
Display Script Successfully Updated in SQLight
{'module': 'script_Helloworld.myscript', 'name': 'app_HelloWorld_2', 'group': ['group1', '', ''], 'logfile': True, 'autorestart': 0, 'logdir': 'C:\\Users\\Jeff\\Desktop\\SilentPyton\\SilentPyton\\logs\\app_HelloWorld_2/2022_07_22-02_06_44.log', 'pid': 7524, 'status': 1, 'state': 'starting', 'ts_created': 1658484404.138932, 'count_cycle': 0}
try import.......script_Helloworld.myscript
app_HelloWorld_2 - Hello World
app_HelloWorld_2 - Hello World
app_HelloWorld_2 - Hello World
app_HelloWorld_2 - Hello World
app_HelloWorld_2 - Hello World
app_HelloWorld_2 - Hello World
app_HelloWorld_2 - Hello World
app_HelloWorld_2 - Hello World
app_HelloWorld_2 - Hello World
app_HelloWorld_2 - Hello World
app_HelloWorld_2 - Hello World
app_HelloWorld_2 - Hello World
app_HelloWorld_2 - Hello World
app_HelloWorld_2 - Hello World
app_HelloWorld_2 - Hello World
app_HelloWorld_2 - Hello World
app_HelloWorld_2 - Hello World
app_HelloWorld_2 - Hello World
app_HelloWorld_2 - Hello World
app_HelloWorld_2 - Hello World
app_HelloWorld_2 - Hello World
app_HelloWorld_2 - Hello World
app_HelloWorld_2 - Hello World
app_HelloWorld_2 - Hello World
app_HelloWorld_2 - Hello World
app_HelloWorld_2 - Hello World
app_HelloWorld_2 - Hello World
app_HelloWorld_2 - Hello World
app_HelloWorld_2 - Hello World
app_HelloWorld_2 - Hello World
app_HelloWorld_2 - Hello World
app_HelloWorld_2 - Hello World
app_HelloWorld_2 - Hello World
app_HelloWorld_2 - Hello World
app_HelloWorld_2 - Hello World
app_HelloWorld_2 - Hello World
app_HelloWorld_2 - Hello World
app_HelloWorld_2 - Hello World
app_HelloWorld_2 - Hello World
