Started at: 1658436396.14167
Opened database successfully
Found table successfully
Previous item found in mysql attempt kill & delete
Display Script Successfully Updated in SQLight
{'module': 'script_Helloworld.myscript', 'name': 'app_HelloWorld_01', 'group': ['HelloWorld', '', ''], 'logfile': True, 'autorestart': 0, 'logdir': 'C:\\Users\\Jeff\\Desktop\\SilentPyton 123\\SilentPyton\\logs\\app_HelloWorld_01/2022_07_21-12_46_36.log', 'pid': 4548, 'status': 1, 'state': 'starting', 'ts_created': 1658436396.14167, 'count_cycle': 0}
try import.......script_Helloworld.myscript
app_HelloWorld_01 - Hello World
app_HelloWorld_01 - Hello World
app_HelloWorld_01 - Hello World
app_HelloWorld_01 - Hello World
app_HelloWorld_01 - Hello World
app_HelloWorld_01 - Hello World
app_HelloWorld_01 - Hello World
app_HelloWorld_01 - Hello World
app_HelloWorld_01 - Hello World
app_HelloWorld_01 - Hello World
app_HelloWorld_01 - Hello World
app_HelloWorld_01 - Hello World
app_HelloWorld_01 - Hello World
app_HelloWorld_01 - Hello World
app_HelloWorld_01 - Hello World
app_HelloWorld_01 - Hello World
app_HelloWorld_01 - Hello World
