Started at: 1658434315.336936
Opened database successfully
Found table successfully
Display Script Successfully Updated in SQLight
{'module': 'script_Helloworld.myscript', 'name': 'app_HelloWorld_01', 'group': ['HelloWorld', '', ''], 'logfile': True, 'autorestart': 0, 'logdir': 'C:\\Users\\Jeff\\Desktop\\SilentPyton rtr\\SilentPyton\\logs\\app_HelloWorld_01/2022_07_21-12_11_55.log', 'pid': 7908, 'status': 1, 'state': 'starting', 'ts_created': 1658434315.336936, 'count_cycle': 0}
try import.......script_Helloworld.myscript
app_HelloWorld_01 - Hello World
app_HelloWorld_01 - Hello World
app_HelloWorld_01 - Hello World
app_HelloWorld_01 - Hello World
app_HelloWorld_01 - Hello World
app_HelloWorld_01 - Hello World
app_HelloWorld_01 - Hello World
app_HelloWorld_01 - Hello World
app_HelloWorld_01 - Hello World
app_HelloWorld_01 - Hello World
app_HelloWorld_01 - Hello World
app_HelloWorld_01 - Hello World
app_HelloWorld_01 - Hello World
app_HelloWorld_01 - Hello World
app_HelloWorld_01 - Hello World
app_HelloWorld_01 - Hello World
app_HelloWorld_01 - Hello World
app_HelloWorld_01 - Hello World
app_HelloWorld_01 - Hello World
app_HelloWorld_01 - Hello World
app_HelloWorld_01 - Hello World
app_HelloWorld_01 - Hello World
app_HelloWorld_01 - Hello World
app_HelloWorld_01 - Hello World
app_HelloWorld_01 - Hello World
app_HelloWorld_01 - Hello World
