Started at: 1658434185.467275
Opened database successfully
Found table successfully
Display Script Successfully Updated in SQLight
{'module': 'script_Helloworld.myscript', 'name': 'app_HelloWorld_01', 'group': ['HelloWorld', '', ''], 'logfile': True, 'autorestart': 1, 'logdir': 'C:\\Users\\Jeff\\Desktop\\SilentPyton rtr\\SilentPyton\\logs\\app_HelloWorld_01/2022_07_21-12_09_45.log', 'pid': 7448, 'status': 1, 'state': 'starting', 'ts_created': 1658434185.467275, 'count_cycle': 0}
try import.......script_Helloworld.myscript
app_HelloWorld_01 - Hello World
app_HelloWorld_01 - Hello World
app_HelloWorld_01 - Hello World
app_HelloWorld_01 - Hello World
app_HelloWorld_01 - Hello World
app_HelloWorld_01 - Hello World
app_HelloWorld_01 - Hello World
app_HelloWorld_01 - Hello World
app_HelloWorld_01 - Hello World
app_HelloWorld_01 - Hello World
app_HelloWorld_01 - Hello World
app_HelloWorld_01 - Hello World
app_HelloWorld_01 - Hello World
app_HelloWorld_01 - Hello World
app_HelloWorld_01 - Hello World
app_HelloWorld_01 - Hello World
