Started at: 1658347052.314243
Opened database successfully
Found table successfully
Previous item found in mysql attempt kill & delete
Display Script Successfully Updated in SQLight
{'module': 'script_display.myscript', 'name': 'app_display', 'group': ['group1', 'group2', 'group3'], 'logfile': True, 'autorestart': 0, 'logdir': 'D:\\Python\\Monitoring Scripts\\SilentPython 3 Export\\logs\\app_display/2022_07_20-20_57_32.log', 'pid': 16804, 'status': 1, 'state': 'starting', 'ts_created': 1658347052.314243, 'count_cycle': 0}
try import.......script_display.myscript
HTML Table Updated1658347052.484243
HTML Table Updated1658347054.489273
HTML Table Updated1658347056.494678
HTML Table Updated1658347058.500762
HTML Table Updated1658347060.5061
HTML Table Updated1658347062.511246
HTML Table Updated1658347064.516265
HTML Table Updated1658347066.521738
HTML Table Updated1658347068.526897
HTML Table Updated1658347070.53121
HTML Table Updated1658347072.536312
HTML Table Updated1658347074.54195
HTML Table Updated1658347076.547094
HTML Table Updated1658347078.55241
HTML Table Updated1658347080.557545
HTML Table Updated1658347082.563064
HTML Table Updated1658347084.57085
HTML Table Updated1658347086.576589
HTML Table Updated1658347088.582513
HTML Table Updated1658347090.58787
HTML Table Updated1658347092.594374
HTML Table Updated1658347094.599686
HTML Table Updated1658347096.605144
HTML Table Updated1658347098.610931
HTML Table Updated1658347100.61754
HTML Table Updated1658347102.624039
HTML Table Updated1658347104.629685
HTML Table Updated1658347106.635733
HTML Table Updated1658347108.641672
HTML Table Updated1658347110.647714
HTML Table Updated1658347112.65368
