Started at: 1658348283.641823
Opened database successfully
Found table successfully
Previous item found in mysql attempt kill & delete
Display Script Successfully Updated in SQLight
{'module': 'script_display.myscript', 'name': 'app_display', 'group': ['group1', 'group2', 'group3'], 'logfile': True, 'autorestart': 0, 'logdir': 'D:\\Python\\Monitoring Scripts\\SilentPython 3 Export\\logs\\app_display/2022_07_20-21_18_03.log', 'pid': 11556, 'status': 1, 'state': 'starting', 'ts_created': 1658348283.641823, 'count_cycle': 0}
try import.......script_display.myscript
HTML Table Updated1658348283.77916
HTML Table Updated1658348285.784812
HTML Table Updated1658348287.790557
HTML Table Updated1658348289.795946
HTML Table Updated1658348291.800972
HTML Table Updated1658348293.807005
HTML Table Updated1658348295.812662
HTML Table Updated1658348297.817486
HTML Table Updated1658348299.822229
HTML Table Updated1658348301.827395
HTML Table Updated1658348303.833369
HTML Table Updated1658348305.839368
HTML Table Updated1658348307.844727
HTML Table Updated1658348309.85016
HTML Table Updated1658348311.854934
HTML Table Updated1658348313.861249
HTML Table Updated1658348315.866468
