Started at: 1658347631.846502
Opened database successfully
Found table successfully
Display Script Successfully Updated in SQLight
{'module': 'script_display.myscript', 'name': 'app_display', 'group': ['group1', 'group2', 'group3'], 'logfile': True, 'autorestart': 0, 'logdir': 'D:\\Python\\Monitoring Scripts\\SilentPython 3 Export\\logs\\app_display/2022_07_20-21_07_11.log', 'pid': 9992, 'status': 1, 'state': 'starting', 'ts_created': 1658347631.846502, 'count_cycle': 0}
try import.......script_display.myscript
HTML Table Updated1658347631.886504
HTML Table Updated1658347633.891731
HTML Table Updated1658347635.896788
HTML Table Updated1658347637.902767
HTML Table Updated1658347639.908488
HTML Table Updated1658347641.91352
HTML Table Updated1658347643.918761
HTML Table Updated1658347645.924312
HTML Table Updated1658347647.929767
HTML Table Updated1658347649.9354
HTML Table Updated1658347651.940607
HTML Table Updated1658347653.94657
HTML Table Updated1658347655.951588
HTML Table Updated1658347657.957803
HTML Table Updated1658347659.964216
HTML Table Updated1658347661.96954
HTML Table Updated1658347663.974781
HTML Table Updated1658347665.979795
HTML Table Updated1658347667.985267
HTML Table Updated1658347669.990796
HTML Table Updated1658347671.995942
HTML Table Updated1658347674.001661
HTML Table Updated1658347676.007296
HTML Table Updated1658347678.012298
HTML Table Updated1658347680.017819
HTML Table Updated1658347682.023408
HTML Table Updated1658347684.02856
HTML Table Updated1658347686.034414
HTML Table Updated1658347688.039987
HTML Table Updated1658347690.046133
HTML Table Updated1658347692.050481
HTML Table Updated1658347694.055896
HTML Table Updated1658347696.061417
HTML Table Updated1658347698.066814
HTML Table Updated1658347700.071931
HTML Table Updated1658347702.083855
HTML Table Updated1658347704.08896
HTML Table Updated1658347706.095347
HTML Table Updated1658347708.101043
HTML Table Updated1658347710.106864
HTML Table Updated1658347712.112441
HTML Table Updated1658347714.118741
HTML Table Updated1658347716.124381
HTML Table Updated1658347718.130968
HTML Table Updated1658347720.136785
HTML Table Updated1658347722.141622
HTML Table Updated1658347724.146932
HTML Table Updated1658347726.151987
HTML Table Updated1658347728.157203
HTML Table Updated1658347730.161902
HTML Table Updated1658347732.167055
HTML Table Updated1658347734.173359
HTML Table Updated1658347736.178275
HTML Table Updated1658347738.183724
HTML Table Updated1658347740.19018
HTML Table Updated1658347742.195863
HTML Table Updated1658347744.202228
HTML Table Updated1658347746.208087
HTML Table Updated1658347748.213487
HTML Table Updated1658347750.218879
HTML Table Updated1658347752.224583
HTML Table Updated1658347754.230595
HTML Table Updated1658347756.236576
HTML Table Updated1658347758.241802
HTML Table Updated1658347760.247161
HTML Table Updated1658347762.253243
HTML Table Updated1658347764.260166
HTML Table Updated1658347766.265445
HTML Table Updated1658347768.271416
HTML Table Updated1658347770.277244
HTML Table Updated1658347772.282589
HTML Table Updated1658347774.288307
HTML Table Updated1658347776.293491
HTML Table Updated1658347778.299201
HTML Table Updated1658347780.304706
HTML Table Updated1658347782.310624
HTML Table Updated1658347784.316888
HTML Table Updated1658347786.322715
HTML Table Updated1658347788.32843
HTML Table Updated1658347790.334051
HTML Table Updated1658347792.340028
HTML Table Updated1658347794.345693
HTML Table Updated1658347796.351542
HTML Table Updated1658347798.358481
HTML Table Updated1658347800.363628
HTML Table Updated1658347802.369257
HTML Table Updated1658347804.37471
HTML Table Updated1658347806.381146
HTML Table Updated1658347808.388057
HTML Table Updated1658347810.393555
HTML Table Updated1658347812.398548
HTML Table Updated1658347814.405136
HTML Table Updated1658347816.411096
HTML Table Updated1658347818.417418
HTML Table Updated1658347820.423454
HTML Table Updated1658347822.428866
HTML Table Updated1658347824.435109
HTML Table Updated1658347826.443115
HTML Table Updated1658347828.450359
HTML Table Updated1658347830.456246
HTML Table Updated1658347832.463242
HTML Table Updated1658347834.470856
HTML Table Updated1658347836.477181
HTML Table Updated1658347838.48321
HTML Table Updated1658347840.490728
HTML Table Updated1658347842.497657
HTML Table Updated1658347844.502767
HTML Table Updated1658347846.509157
HTML Table Updated1658347848.517358
HTML Table Updated1658347850.523726
HTML Table Updated1658347852.529235
HTML Table Updated1658347854.53506
HTML Table Updated1658347856.540927
HTML Table Updated1658347858.547234
HTML Table Updated1658347860.553738
HTML Table Updated1658347862.559179
HTML Table Updated1658347864.565434
HTML Table Updated1658347866.571578
HTML Table Updated1658347868.579248
HTML Table Updated1658347870.585502
HTML Table Updated1658347872.590573
HTML Table Updated1658347874.596373
HTML Table Updated1658347876.601884
HTML Table Updated1658347878.60717
HTML Table Updated1658347880.612857
HTML Table Updated1658347882.619498
HTML Table Updated1658347884.625666
HTML Table Updated1658347886.630923
HTML Table Updated1658347888.636517
HTML Table Updated1658347890.642091
HTML Table Updated1658347892.647843
HTML Table Updated1658347894.653739
HTML Table Updated1658347896.659584
HTML Table Updated1658347898.665153
HTML Table Updated1658347900.670448
HTML Table Updated1658347902.676631
HTML Table Updated1658347904.682018
HTML Table Updated1658347906.688522
HTML Table Updated1658347908.694389
HTML Table Updated1658347910.699522
HTML Table Updated1658347912.705233
HTML Table Updated1658347914.711524
HTML Table Updated1658347916.71753
HTML Table Updated1658347918.723318
HTML Table Updated1658347920.728862
HTML Table Updated1658347922.73444
HTML Table Updated1658347924.739445
HTML Table Updated1658347926.745416
HTML Table Updated1658347928.751378
HTML Table Updated1658347930.75747
HTML Table Updated1658347932.763489
HTML Table Updated1658347934.770096
HTML Table Updated1658347936.775371
HTML Table Updated1658347938.780961
HTML Table Updated1658347940.786608
HTML Table Updated1658347942.79249
HTML Table Updated1658347944.798447
HTML Table Updated1658347946.804464
HTML Table Updated1658347948.810417
HTML Table Updated1658347950.815912
HTML Table Updated1658347952.825396
HTML Table Updated1658347954.832174
HTML Table Updated1658347956.837889
HTML Table Updated1658347958.84422
HTML Table Updated1658347960.849887
HTML Table Updated1658347962.85488
HTML Table Updated1658347964.860202
HTML Table Updated1658347966.866058
HTML Table Updated1658347968.871411
HTML Table Updated1658347970.876989
HTML Table Updated1658347972.883001
HTML Table Updated1658347974.8893
HTML Table Updated1658347976.896435
HTML Table Updated1658347978.903089
HTML Table Updated1658347980.908418
HTML Table Updated1658347982.914474
HTML Table Updated1658347984.920124
HTML Table Updated1658347986.926139
HTML Table Updated1658347988.931427
HTML Table Updated1658347990.936639
HTML Table Updated1658347992.942634
HTML Table Updated1658347994.947646
HTML Table Updated1658347996.953117
HTML Table Updated1658347998.958527
HTML Table Updated1658348000.964532
HTML Table Updated1658348002.969845
HTML Table Updated1658348004.975669
HTML Table Updated1658348006.981517
HTML Table Updated1658348008.987361
HTML Table Updated1658348010.99332
HTML Table Updated1658348012.998439
HTML Table Updated1658348015.003531
HTML Table Updated1658348017.008999
HTML Table Updated1658348019.015217
HTML Table Updated1658348021.021431
HTML Table Updated1658348023.027859
HTML Table Updated1658348025.033695
HTML Table Updated1658348027.03957
HTML Table Updated1658348029.04545
HTML Table Updated1658348031.051016
HTML Table Updated1658348033.057015
HTML Table Updated1658348035.062864
HTML Table Updated1658348037.068767
HTML Table Updated1658348039.073827
HTML Table Updated1658348041.079345
HTML Table Updated1658348043.085886
HTML Table Updated1658348045.091582
HTML Table Updated1658348047.097701
HTML Table Updated1658348049.102771
HTML Table Updated1658348051.108941
HTML Table Updated1658348053.11455
HTML Table Updated1658348055.119908
HTML Table Updated1658348057.126343
HTML Table Updated1658348059.131716
HTML Table Updated1658348061.138069
HTML Table Updated1658348063.144278
HTML Table Updated1658348065.149641
HTML Table Updated1658348067.156344
HTML Table Updated1658348069.162465
HTML Table Updated1658348071.168431
HTML Table Updated1658348073.17436
HTML Table Updated1658348075.179511
HTML Table Updated1658348077.184727
HTML Table Updated1658348079.190521
HTML Table Updated1658348081.196722
HTML Table Updated1658348083.201834
HTML Table Updated1658348085.207293
HTML Table Updated1658348087.21275
HTML Table Updated1658348089.217976
HTML Table Updated1658348091.223537
HTML Table Updated1658348093.229856
HTML Table Updated1658348095.235358
HTML Table Updated1658348097.241423
HTML Table Updated1658348099.246381
HTML Table Updated1658348101.252079
HTML Table Updated1658348103.257425
HTML Table Updated1658348105.263304
HTML Table Updated1658348107.269044
HTML Table Updated1658348109.275015
HTML Table Updated1658348111.280746
HTML Table Updated1658348113.286196
HTML Table Updated1658348115.291396
HTML Table Updated1658348117.298101
HTML Table Updated1658348119.30403
HTML Table Updated1658348121.310377
HTML Table Updated1658348123.316617
HTML Table Updated1658348125.321803
HTML Table Updated1658348127.327325
HTML Table Updated1658348129.33253
HTML Table Updated1658348131.337535
HTML Table Updated1658348133.342867
HTML Table Updated1658348135.349776
HTML Table Updated1658348137.354807
HTML Table Updated1658348139.359861
HTML Table Updated1658348141.368316
HTML Table Updated1658348143.374098
HTML Table Updated1658348145.379602
HTML Table Updated1658348147.385672
HTML Table Updated1658348149.39178
HTML Table Updated1658348151.398131
HTML Table Updated1658348153.403908
HTML Table Updated1658348155.409963
HTML Table Updated1658348157.416465
HTML Table Updated1658348159.421832
HTML Table Updated1658348161.427704
HTML Table Updated1658348163.433349
HTML Table Updated1658348165.439239
HTML Table Updated1658348167.444804
HTML Table Updated1658348169.45046
HTML Table Updated1658348171.456814
HTML Table Updated1658348173.462854
HTML Table Updated1658348175.468848
HTML Table Updated1658348177.475371
HTML Table Updated1658348179.480681
HTML Table Updated1658348181.486427
HTML Table Updated1658348183.49213
HTML Table Updated1658348185.497735
HTML Table Updated1658348187.503397
HTML Table Updated1658348189.510195
HTML Table Updated1658348191.516022
HTML Table Updated1658348193.521983
HTML Table Updated1658348195.527771
HTML Table Updated1658348197.533359
HTML Table Updated1658348199.538881
HTML Table Updated1658348201.544965
HTML Table Updated1658348203.551227
HTML Table Updated1658348205.556461
HTML Table Updated1658348207.561492
HTML Table Updated1658348209.566565
HTML Table Updated1658348211.572565
HTML Table Updated1658348213.579478
HTML Table Updated1658348215.585552
HTML Table Updated1658348217.592398
HTML Table Updated1658348219.597486
HTML Table Updated1658348221.602936
HTML Table Updated1658348223.608978
HTML Table Updated1658348225.61469
HTML Table Updated1658348227.620397
HTML Table Updated1658348229.626265
HTML Table Updated1658348231.631697
HTML Table Updated1658348233.636902
HTML Table Updated1658348235.643031
HTML Table Updated1658348237.648383
HTML Table Updated1658348239.654728
HTML Table Updated1658348241.660784
HTML Table Updated1658348243.666514
HTML Table Updated1658348245.671583
HTML Table Updated1658348247.677026
HTML Table Updated1658348249.682031
HTML Table Updated1658348251.687615
HTML Table Updated1658348253.692768
HTML Table Updated1658348255.698474
HTML Table Updated1658348257.705528
HTML Table Updated1658348259.711373
HTML Table Updated1658348261.716839
HTML Table Updated1658348263.7226
HTML Table Updated1658348265.727922
HTML Table Updated1658348267.734453
HTML Table Updated1658348269.739482
HTML Table Updated1658348271.744599
HTML Table Updated1658348273.750937
HTML Table Updated1658348275.755941
HTML Table Updated1658348277.761692
HTML Table Updated1658348279.766657
HTML Table Updated1658348281.772386
