Started at: 1658346555.285622
Opened database successfully
Found table successfully
Previous item found in mysql attempt kill & delete
Display Script Successfully Updated in SQLight
{'module': 'script_display.myscript', 'name': 'app_display', 'group': ['group1', 'group2', 'group3'], 'logfile': True, 'autorestart': 0, 'logdir': 'D:\\Python\\Monitoring Scripts\\SilentPython 3 Export\\logs\\app_display/2022_07_20-20_49_15.log', 'pid': 4024, 'status': 1, 'state': 'starting', 'ts_created': 1658346555.285622, 'count_cycle': 0}
try import.......script_display.myscript
HTML Table Updated1658346555.40863
HTML Table Updated1658346557.414044
HTML Table Updated1658346559.419804
HTML Table Updated1658346561.425338
HTML Table Updated1658346563.431335
HTML Table Updated1658346565.43653
HTML Table Updated1658346567.442414
HTML Table Updated1658346569.447951
HTML Table Updated1658346571.452939
HTML Table Updated1658346573.457578
HTML Table Updated1658346575.466827
HTML Table Updated1658346577.477992
HTML Table Updated1658346579.489611
HTML Table Updated1658346581.499113
HTML Table Updated1658346583.508848
HTML Table Updated1658346585.51437
HTML Table Updated1658346587.521057
HTML Table Updated1658346589.526623
HTML Table Updated1658346591.532329
HTML Table Updated1658346593.537773
HTML Table Updated1658346595.544515
HTML Table Updated1658346597.550143
HTML Table Updated1658346599.555953
HTML Table Updated1658346601.562543
HTML Table Updated1658346603.56774
HTML Table Updated1658346605.574282
HTML Table Updated1658346607.581461
HTML Table Updated1658346609.586453
HTML Table Updated1658346611.59145
HTML Table Updated1658346613.596483
HTML Table Updated1658346615.601483
HTML Table Updated1658346617.60658
HTML Table Updated1658346619.612482
HTML Table Updated1658346621.617505
HTML Table Updated1658346623.622519
HTML Table Updated1658346625.62753
HTML Table Updated1658346627.63253
HTML Table Updated1658346629.64452
HTML Table Updated1658346631.649541
HTML Table Updated1658346633.65554
HTML Table Updated1658346635.660542
HTML Table Updated1658346637.666541
HTML Table Updated1658346639.672542
HTML Table Updated1658346641.678552
HTML Table Updated1658346643.684552
HTML Table Updated1658346645.690563
HTML Table Updated1658346647.695575
HTML Table Updated1658346649.701575
HTML Table Updated1658346651.707575
HTML Table Updated1658346653.712575
HTML Table Updated1658346655.717844
HTML Table Updated1658346657.724314
HTML Table Updated1658346659.729888
HTML Table Updated1658346661.735767
HTML Table Updated1658346663.741372
HTML Table Updated1658346665.748124
HTML Table Updated1658346667.754084
HTML Table Updated1658346669.75978
HTML Table Updated1658346671.766635
HTML Table Updated1658346673.772456
HTML Table Updated1658346675.778273
HTML Table Updated1658346677.783389
HTML Table Updated1658346679.789336
HTML Table Updated1658346681.794433
HTML Table Updated1658346683.799606
HTML Table Updated1658346685.806603
HTML Table Updated1658346687.81224
HTML Table Updated1658346689.819124
HTML Table Updated1658346691.82439
HTML Table Updated1658346693.829541
HTML Table Updated1658346695.835531
HTML Table Updated1658346697.841872
HTML Table Updated1658346699.847767
HTML Table Updated1658346701.852838
HTML Table Updated1658346703.85861
HTML Table Updated1658346705.870003
HTML Table Updated1658346707.875999
HTML Table Updated1658346709.88156
HTML Table Updated1658346711.886641
HTML Table Updated1658346713.892343
HTML Table Updated1658346715.897452
HTML Table Updated1658346717.903097
HTML Table Updated1658346719.908255
HTML Table Updated1658346721.913336
HTML Table Updated1658346723.918746
HTML Table Updated1658346725.925636
HTML Table Updated1658346727.931761
HTML Table Updated1658346729.936735
HTML Table Updated1658346731.941792
HTML Table Updated1658346733.947091
HTML Table Updated1658346735.953887
HTML Table Updated1658346737.958976
HTML Table Updated1658346739.964195
HTML Table Updated1658346741.970421
HTML Table Updated1658346743.975849
HTML Table Updated1658346745.982859
HTML Table Updated1658346747.98895
HTML Table Updated1658346749.993806
HTML Table Updated1658346752.00006
HTML Table Updated1658346754.005159
HTML Table Updated1658346756.011035
HTML Table Updated1658346758.016421
HTML Table Updated1658346760.02145
HTML Table Updated1658346762.026919
HTML Table Updated1658346764.032628
HTML Table Updated1658346766.038455
HTML Table Updated1658346768.04382
HTML Table Updated1658346770.04883
HTML Table Updated1658346772.054582
HTML Table Updated1658346774.059635
HTML Table Updated1658346776.066255
HTML Table Updated1658346778.071162
HTML Table Updated1658346780.07738
HTML Table Updated1658346782.082483
HTML Table Updated1658346784.087504
HTML Table Updated1658346786.093581
HTML Table Updated1658346788.100286
HTML Table Updated1658346790.106594
HTML Table Updated1658346792.111934
HTML Table Updated1658346794.117744
HTML Table Updated1658346796.124446
HTML Table Updated1658346798.129574
HTML Table Updated1658346800.134725
HTML Table Updated1658346802.140647
HTML Table Updated1658346804.146385
HTML Table Updated1658346806.151632
HTML Table Updated1658346808.158556
HTML Table Updated1658346810.164425
HTML Table Updated1658346812.169854
HTML Table Updated1658346814.175776
HTML Table Updated1658346816.183623
HTML Table Updated1658346818.188451
HTML Table Updated1658346820.193486
HTML Table Updated1658346822.199637
HTML Table Updated1658346824.205677
HTML Table Updated1658346826.211723
HTML Table Updated1658346828.217624
HTML Table Updated1658346830.222665
HTML Table Updated1658346832.227884
HTML Table Updated1658346834.233423
HTML Table Updated1658346836.239492
HTML Table Updated1658346838.244613
HTML Table Updated1658346840.250541
HTML Table Updated1658346842.255647
HTML Table Updated1658346844.27161
HTML Table Updated1658346846.278518
HTML Table Updated1658346848.284684
HTML Table Updated1658346850.289988
HTML Table Updated1658346852.29499
HTML Table Updated1658346854.300267
HTML Table Updated1658346856.306382
HTML Table Updated1658346858.312221
HTML Table Updated1658346860.317598
HTML Table Updated1658346862.323164
HTML Table Updated1658346864.328109
HTML Table Updated1658346866.334299
HTML Table Updated1658346868.341248
HTML Table Updated1658346870.346858
HTML Table Updated1658346872.352307
HTML Table Updated1658346874.357475
HTML Table Updated1658346876.363768
HTML Table Updated1658346878.369419
HTML Table Updated1658346880.376341
HTML Table Updated1658346882.382799
HTML Table Updated1658346884.388822
HTML Table Updated1658346886.394543
HTML Table Updated1658346888.40031
HTML Table Updated1658346890.405482
HTML Table Updated1658346892.411396
HTML Table Updated1658346894.417108
HTML Table Updated1658346896.422115
HTML Table Updated1658346898.426508
HTML Table Updated1658346900.433079
HTML Table Updated1658346902.439057
HTML Table Updated1658346904.444414
HTML Table Updated1658346906.450713
HTML Table Updated1658346908.45621
HTML Table Updated1658346910.461425
HTML Table Updated1658346912.467533
HTML Table Updated1658346914.47287
HTML Table Updated1658346916.479456
