Started at: 1658347136.144673
Opened database successfully
Found table successfully
Previous item found in mysql attempt kill & delete
Display Script Successfully Updated in SQLight
{'module': 'script_display.myscript', 'name': 'app_display', 'group': ['group1', 'group2', 'group3'], 'logfile': True, 'autorestart': 0, 'logdir': 'D:\\Python\\Monitoring Scripts\\SilentPython 3 Export\\logs\\app_display/2022_07_20-20_58_56.log', 'pid': 9056, 'status': 1, 'state': 'starting', 'ts_created': 1658347136.144673, 'count_cycle': 0}
try import.......script_display.myscript
HTML Table Updated1658347136.264679
HTML Table Updated1658347138.270728
HTML Table Updated1658347140.276546
HTML Table Updated1658347142.282545
HTML Table Updated1658347144.288932
HTML Table Updated1658347146.294326
HTML Table Updated1658347148.300459
HTML Table Updated1658347150.305544
HTML Table Updated1658347152.311309
HTML Table Updated1658347154.316422
HTML Table Updated1658347156.321852
HTML Table Updated1658347158.327539
HTML Table Updated1658347160.335276
HTML Table Updated1658347162.340497
HTML Table Updated1658347164.346082
HTML Table Updated1658347166.351828
HTML Table Updated1658347168.357697
HTML Table Updated1658347170.36297
HTML Table Updated1658347172.368859
HTML Table Updated1658347174.374734
HTML Table Updated1658347176.379802
HTML Table Updated1658347178.385135
HTML Table Updated1658347180.390607
HTML Table Updated1658347182.395772
HTML Table Updated1658347184.401736
HTML Table Updated1658347186.40708
HTML Table Updated1658347188.412133
HTML Table Updated1658347190.417508
HTML Table Updated1658347192.422567
HTML Table Updated1658347194.4276
HTML Table Updated1658347196.433221
HTML Table Updated1658347198.43908
HTML Table Updated1658347200.444092
HTML Table Updated1658347202.449791
HTML Table Updated1658347204.455662
HTML Table Updated1658347206.461674
HTML Table Updated1658347208.46637
HTML Table Updated1658347210.471458
HTML Table Updated1658347212.477205
HTML Table Updated1658347214.482432
HTML Table Updated1658347216.487271
HTML Table Updated1658347218.492854
HTML Table Updated1658347220.498449
HTML Table Updated1658347222.504175
HTML Table Updated1658347224.510405
HTML Table Updated1658347226.516672
HTML Table Updated1658347228.522437
HTML Table Updated1658347230.527612
HTML Table Updated1658347232.53279
HTML Table Updated1658347234.538497
HTML Table Updated1658347236.543667
HTML Table Updated1658347238.549428
HTML Table Updated1658347240.55515
HTML Table Updated1658347242.560782
HTML Table Updated1658347244.566428
HTML Table Updated1658347246.571986
HTML Table Updated1658347248.577894
HTML Table Updated1658347250.583288
HTML Table Updated1658347252.588643
HTML Table Updated1658347254.594303
HTML Table Updated1658347256.599518
HTML Table Updated1658347258.605362
HTML Table Updated1658347260.610357
HTML Table Updated1658347262.615368
HTML Table Updated1658347264.622214
HTML Table Updated1658347266.627385
HTML Table Updated1658347268.631412
HTML Table Updated1658347270.636759
HTML Table Updated1658347272.642554
HTML Table Updated1658347274.648208
HTML Table Updated1658347276.653241
HTML Table Updated1658347278.6577
HTML Table Updated1658347280.663202
HTML Table Updated1658347282.668676
HTML Table Updated1658347284.675653
HTML Table Updated1658347286.680521
HTML Table Updated1658347288.685996
HTML Table Updated1658347290.69163
HTML Table Updated1658347292.697022
HTML Table Updated1658347294.703083
HTML Table Updated1658347296.709546
HTML Table Updated1658347298.715263
HTML Table Updated1658347300.720449
HTML Table Updated1658347302.726038
HTML Table Updated1658347304.731415
HTML Table Updated1658347306.736874
HTML Table Updated1658347308.74378
HTML Table Updated1658347310.747871
HTML Table Updated1658347312.753124
HTML Table Updated1658347314.759172
HTML Table Updated1658347316.764903
HTML Table Updated1658347318.770647
HTML Table Updated1658347320.776756
HTML Table Updated1658347322.782353
HTML Table Updated1658347324.787605
HTML Table Updated1658347326.792993
HTML Table Updated1658347328.798995
HTML Table Updated1658347330.804171
HTML Table Updated1658347332.809289
HTML Table Updated1658347334.814565
HTML Table Updated1658347336.820376
HTML Table Updated1658347338.825948
HTML Table Updated1658347340.831314
HTML Table Updated1658347342.83747
HTML Table Updated1658347344.842557
HTML Table Updated1658347346.853439
HTML Table Updated1658347348.859007
HTML Table Updated1658347350.864398
HTML Table Updated1658347352.870084
HTML Table Updated1658347354.87524
HTML Table Updated1658347356.880933
HTML Table Updated1658347358.886599
HTML Table Updated1658347360.892249
HTML Table Updated1658347362.89874
HTML Table Updated1658347364.90482
HTML Table Updated1658347366.910789
HTML Table Updated1658347368.916438
HTML Table Updated1658347370.921669
HTML Table Updated1658347372.927733
HTML Table Updated1658347374.933199
HTML Table Updated1658347376.938958
HTML Table Updated1658347378.944562
HTML Table Updated1658347380.949869
HTML Table Updated1658347382.956067
HTML Table Updated1658347384.961781
HTML Table Updated1658347386.96725
HTML Table Updated1658347388.973009
HTML Table Updated1658347390.978025
HTML Table Updated1658347392.983371
HTML Table Updated1658347394.989579
HTML Table Updated1658347396.99552
HTML Table Updated1658347399.001246
HTML Table Updated1658347401.006557
HTML Table Updated1658347403.011613
HTML Table Updated1658347405.016907
HTML Table Updated1658347407.021955
HTML Table Updated1658347409.027864
HTML Table Updated1658347411.033199
HTML Table Updated1658347413.039242
HTML Table Updated1658347415.044248
HTML Table Updated1658347417.049662
HTML Table Updated1658347419.055301
HTML Table Updated1658347421.059956
HTML Table Updated1658347423.066091
HTML Table Updated1658347425.072198
HTML Table Updated1658347427.07771
HTML Table Updated1658347429.082898
HTML Table Updated1658347431.088303
HTML Table Updated1658347433.09462
HTML Table Updated1658347435.100367
HTML Table Updated1658347437.105517
HTML Table Updated1658347439.111501
HTML Table Updated1658347441.116513
HTML Table Updated1658347443.121534
HTML Table Updated1658347445.12687
HTML Table Updated1658347447.132541
HTML Table Updated1658347449.137552
HTML Table Updated1658347451.143106
HTML Table Updated1658347453.148577
HTML Table Updated1658347455.154541
HTML Table Updated1658347457.160414
HTML Table Updated1658347459.166366
HTML Table Updated1658347461.171383
HTML Table Updated1658347463.1765
HTML Table Updated1658347465.183051
HTML Table Updated1658347467.188283
HTML Table Updated1658347469.193996
HTML Table Updated1658347471.199466
HTML Table Updated1658347473.205794
HTML Table Updated1658347475.211362
HTML Table Updated1658347477.216425
HTML Table Updated1658347479.221774
HTML Table Updated1658347481.227224
HTML Table Updated1658347483.232487
HTML Table Updated1658347485.238178
HTML Table Updated1658347487.243728
HTML Table Updated1658347489.248796
HTML Table Updated1658347491.25397
HTML Table Updated1658347493.260663
HTML Table Updated1658347495.266158
HTML Table Updated1658347497.271257
HTML Table Updated1658347499.276964
HTML Table Updated1658347501.282299
HTML Table Updated1658347503.288182
HTML Table Updated1658347505.294099
HTML Table Updated1658347507.299872
HTML Table Updated1658347509.306008
HTML Table Updated1658347511.312045
HTML Table Updated1658347513.318149
HTML Table Updated1658347515.323211
HTML Table Updated1658347517.328839
HTML Table Updated1658347519.33446
HTML Table Updated1658347521.340848
HTML Table Updated1658347523.34698
HTML Table Updated1658347525.352296
HTML Table Updated1658347527.357258
HTML Table Updated1658347529.362595
HTML Table Updated1658347531.367651
HTML Table Updated1658347533.374573
HTML Table Updated1658347535.380645
HTML Table Updated1658347537.386258
HTML Table Updated1658347539.391223
HTML Table Updated1658347541.396933
HTML Table Updated1658347543.403854
HTML Table Updated1658347545.409373
HTML Table Updated1658347547.414601
HTML Table Updated1658347549.420359
HTML Table Updated1658347551.425767
HTML Table Updated1658347553.431545
HTML Table Updated1658347555.436822
HTML Table Updated1658347557.442365
HTML Table Updated1658347559.448766
HTML Table Updated1658347561.453754
HTML Table Updated1658347563.459347
HTML Table Updated1658347565.465664
HTML Table Updated1658347567.470671
HTML Table Updated1658347569.475792
HTML Table Updated1658347571.48108
HTML Table Updated1658347573.487392
HTML Table Updated1658347575.492714
HTML Table Updated1658347577.497713
HTML Table Updated1658347579.503294
HTML Table Updated1658347581.508608
HTML Table Updated1658347583.515126
HTML Table Updated1658347585.520737
HTML Table Updated1658347587.52626
HTML Table Updated1658347589.532275
HTML Table Updated1658347591.537878
HTML Table Updated1658347593.544522
HTML Table Updated1658347595.550169
HTML Table Updated1658347597.555853
HTML Table Updated1658347599.562079
HTML Table Updated1658347601.568543
HTML Table Updated1658347603.57439
HTML Table Updated1658347605.579723
HTML Table Updated1658347607.586483
HTML Table Updated1658347609.592674
HTML Table Updated1658347611.598505
HTML Table Updated1658347613.603545
HTML Table Updated1658347615.608569
HTML Table Updated1658347617.613512
HTML Table Updated1658347619.618615
