Started at: 1658431968.094195
Opened database successfully
Found table successfully
Previous item found in mysql attempt kill & delete
Display Script Successfully Updated in SQLight
{'module': 'script_Helloworld.myscript', 'name': 'app_HelloWorld_02', 'group': ['HelloWorld', '', ''], 'logfile': True, 'autorestart': 1, 'logdir': 'C:\\Users\\Jeff\\Desktop\\SilentPyton\\SilentPyton\\logs\\app_HelloWorld_02/2022_07_21-11_32_48.log', 'pid': 8052, 'status': 1, 'state': 'starting', 'ts_created': 1658431968.094195, 'count_cycle': 0}
try import.......script_Helloworld.myscript
app_HelloWorld_02 - Hello World
app_HelloWorld_02 - Hello World
app_HelloWorld_02 - Hello World
app_HelloWorld_02 - Hello World
app_HelloWorld_02 - Hello World
app_HelloWorld_02 - Hello World
app_HelloWorld_02 - Hello World
app_HelloWorld_02 - Hello World
app_HelloWorld_02 - Hello World
app_HelloWorld_02 - Hello World
app_HelloWorld_02 - Hello World
app_HelloWorld_02 - Hello World
app_HelloWorld_02 - Hello World
app_HelloWorld_02 - Hello World
app_HelloWorld_02 - Hello World
