Started at: 1658434313.836991
Opened database successfully
Found table successfully
Display Script Successfully Updated in SQLight
{'module': 'script_Helloworld.myscript', 'name': 'app_HelloWorld_02', 'group': ['HelloWorld', '', ''], 'logfile': True, 'autorestart': 0, 'logdir': 'C:\\Users\\Jeff\\Desktop\\SilentPyton rtr\\SilentPyton\\logs\\app_HelloWorld_02/2022_07_21-12_11_53.log', 'pid': 7852, 'status': 1, 'state': 'starting', 'ts_created': 1658434313.836991, 'count_cycle': 0}
try import.......script_Helloworld.myscript
app_HelloWorld_02 - Hello World
app_HelloWorld_02 - Hello World
app_HelloWorld_02 - Hello World
app_HelloWorld_02 - Hello World
app_HelloWorld_02 - Hello World
app_HelloWorld_02 - Hello World
app_HelloWorld_02 - Hello World
app_HelloWorld_02 - Hello World
app_HelloWorld_02 - Hello World
app_HelloWorld_02 - Hello World
app_HelloWorld_02 - Hello World
app_HelloWorld_02 - Hello World
app_HelloWorld_02 - Hello World
app_HelloWorld_02 - Hello World
app_HelloWorld_02 - Hello World
app_HelloWorld_02 - Hello World
app_HelloWorld_02 - Hello World
app_HelloWorld_02 - Hello World
app_HelloWorld_02 - Hello World
app_HelloWorld_02 - Hello World
app_HelloWorld_02 - Hello World
app_HelloWorld_02 - Hello World
app_HelloWorld_02 - Hello World
app_HelloWorld_02 - Hello World
app_HelloWorld_02 - Hello World
app_HelloWorld_02 - Hello World
