Started at: 1658433515.64618
Opened database successfully
Found table successfully
Display Script Successfully Updated in SQLight
{'module': 'script_MQTT.myscript', 'name': 'app_MQTT1', 'group': ['group1', '', ''], 'logfile': True, 'autorestart': 1, 'logdir': 'C:\\Users\\Jeff\\Desktop\\SilentPyton\\SilentPyton\\logs\\app_MQTT1/2022_07_21-11_58_35.log', 'pid': 9092, 'status': 1, 'state': 'starting', 'ts_created': 1658433515.64618, 'count_cycle': 0}
try import.......script_MQTT.myscript
Python Code==========================================
Connected with result code 0
Influx client connected: Scripts
MSG Payload=23.0
MSG Topicx=iot2040/tempA0
MSG Payload=24.0
MSG Topic=iot2040/tempA2
loops started
MSG Payload=22.0
MSG Topic=iot2040/tempA2
MSG Payload=25.0
MSG Topicx=iot2040/tempA0
MSG Payload=23.0
MSG Topicx=iot2040/tempA0
MSG Payload=24.0
MSG Topic=iot2040/tempA2
ERROR: Influx Write:1 - Buffer 5 - e:{'state': True, 'value': 0, 'msg': 'influx_write: <urllib3.connection.HTTPConnection object at 0x000001F9ECE06650>: Failed to establish a new connection: [WinError 10061] No connection could be made because the target machine actively refused it'}
Influx Connection: Error
MSG Payload=21.0
MSG Topicx=iot2040/tempA0
MSG Payload=22.0
MSG Topic=iot2040/tempA2
Influx client connected: Scripts
MSG Payload=23.0
MSG Topicx=iot2040/tempA0
MSG Payload=25.0
MSG Topicx=iot2040/tempA0
MSG Payload=24.0
MSG Topic=iot2040/tempA2
MSG Payload=22.0
MSG Topic=iot2040/tempA2
MSG Payload=23.0
MSG Topicx=iot2040/tempA0
MSG Payload=24.0
MSG Topic=iot2040/tempA2
ERROR: Influx Write:1 - Buffer 13 - e:{'state': True, 'value': 0, 'msg': 'influx_write: <urllib3.connection.HTTPConnection object at 0x000001F9ECE06EC0>: Failed to establish a new connection: [WinError 10061] No connection could be made because the target machine actively refused it'}
MSG Payload=26.0
MSG Topic=iot2040/tempA2
Influx Connection: Error
MSG Payload=25.0
MSG Topicx=iot2040/tempA0
MSG Payload=24.0
MSG Topic=iot2040/tempA2
MSG Payload=23.0
MSG Topicx=iot2040/tempA0
Influx client connected: Scripts
MSG Payload=26.0
MSG Topic=iot2040/tempA2
MSG Payload=24.0
MSG Topic=iot2040/tempA2
MSG Payload=26.0
MSG Topic=iot2040/tempA2
ERROR: Influx Write:1 - Buffer 20 - e:{'state': True, 'value': 0, 'msg': 'influx_write: <urllib3.connection.HTTPConnection object at 0x000001F9ECDC3DC0>: Failed to establish a new connection: [WinError 10061] No connection could be made because the target machine actively refused it'}
MSG Payload=24.0
MSG Topic=iot2040/tempA2
Influx Connection: Error
MSG Payload=26.0
MSG Topic=iot2040/tempA2
MSG Payload=24.0
MSG Topic=iot2040/tempA2
Influx client connected: Scripts
MSG Payload=25.0
MSG Topicx=iot2040/tempA0
MSG Payload=23.0
MSG Topicx=iot2040/tempA0
MSG Payload=22.0
MSG Topic=iot2040/tempA2
MSG Payload=24.0
MSG Topic=iot2040/tempA2
MSG Payload=26.0
MSG Topic=iot2040/tempA2
ERROR: Influx Write:1 - Buffer 28 - e:{'state': True, 'value': 0, 'msg': 'influx_write: <urllib3.connection.HTTPConnection object at 0x000001F9ECE07130>: Failed to establish a new connection: [WinError 10061] No connection could be made because the target machine actively refused it'}
MSG Payload=22.0
MSG Topic=iot2040/tempA2
Influx Connection: Error
MSG Payload=24.0
MSG Topic=iot2040/tempA2
MSG Payload=25.0
MSG Topicx=iot2040/tempA0
MSG Payload=22.0
MSG Topic=iot2040/tempA2
Influx client connected: Scripts
MSG Payload=23.0
MSG Topicx=iot2040/tempA0
MSG Payload=24.0
MSG Topic=iot2040/tempA2
MSG Payload=25.0
MSG Topicx=iot2040/tempA0
MSG Payload=23.0
MSG Topicx=iot2040/tempA0
MSG Payload=22.0
MSG Topic=iot2040/tempA2
ERROR: Influx Write:1 - Buffer 37 - e:{'state': True, 'value': 0, 'msg': 'influx_write: <urllib3.connection.HTTPConnection object at 0x000001F9ECE079A0>: Failed to establish a new connection: [WinError 10061] No connection could be made because the target machine actively refused it'}
MSG Payload=25.0
MSG Topicx=iot2040/tempA0
Influx Connection: Error
MSG Payload=24.0
MSG Topic=iot2040/tempA2
MSG Payload=23.0
MSG Topicx=iot2040/tempA0
MSG Payload=26.0
MSG Topic=iot2040/tempA2
Influx client connected: Scripts
MSG Payload=24.0
MSG Topic=iot2040/tempA2
MSG Payload=25.0
MSG Topicx=iot2040/tempA0
MSG Payload=23.0
MSG Topicx=iot2040/tempA0
ERROR: Influx Write:1 - Buffer 44 - e:{'state': True, 'value': 0, 'msg': 'influx_write: <urllib3.connection.HTTPConnection object at 0x000001F9ECE88640>: Failed to establish a new connection: [WinError 10061] No connection could be made because the target machine actively refused it'}
Influx Connection: Error
MSG Payload=25.0
MSG Topicx=iot2040/tempA0
MSG Payload=23.0
MSG Topicx=iot2040/tempA0
MSG Payload=22.0
MSG Topic=iot2040/tempA2
MSG Payload=24.0
MSG Topic=iot2040/tempA2
Influx client connected: Scripts
MSG Payload=21.0
MSG Topicx=iot2040/tempA0
MSG Payload=22.0
MSG Topic=iot2040/tempA2
MSG Payload=25.0
MSG Topicx=iot2040/tempA0
MSG Payload=26.0
MSG Topic=iot2040/tempA2
MSG Payload=23.0
MSG Topicx=iot2040/tempA0
MSG Payload=24.0
MSG Topic=iot2040/tempA2
ERROR: Influx Write:1 - Buffer 54 - e:{'state': True, 'value': 0, 'msg': 'influx_write: <urllib3.connection.HTTPConnection object at 0x000001F9ECDC3310>: Failed to establish a new connection: [WinError 10061] No connection could be made because the target machine actively refused it'}
MSG Payload=25.0
MSG Topicx=iot2040/tempA0
MSG Payload=22.0
MSG Topic=iot2040/tempA2
Influx Connection: Error
MSG Payload=23.0
MSG Topicx=iot2040/tempA0
MSG Payload=26.0
MSG Topic=iot2040/tempA2
MSG Payload=25.0
MSG Topicx=iot2040/tempA0
MSG Payload=24.0
MSG Topic=iot2040/tempA2
MSG Payload=23.0
MSG Topicx=iot2040/tempA0
MSG Payload=26.0
MSG Topic=iot2040/tempA2
Influx client connected: Scripts
MSG Payload=22.0
MSG Topic=iot2040/tempA2
MSG Payload=25.0
MSG Topicx=iot2040/tempA0
MSG Payload=26.0
MSG Topic=iot2040/tempA2
MSG Payload=24.0
MSG Topic=iot2040/tempA2
MSG Payload=23.0
MSG Topicx=iot2040/tempA0
ERROR: Influx Write:1 - Buffer 67 - e:{'state': True, 'value': 0, 'msg': 'influx_write: <urllib3.connection.HTTPConnection object at 0x000001F9ECE07160>: Failed to establish a new connection: [WinError 10061] No connection could be made because the target machine actively refused it'}
Influx Connection: Error
MSG Payload=25.0
MSG Topicx=iot2040/tempA0
MSG Payload=23.0
MSG Topicx=iot2040/tempA0
MSG Payload=25.0
MSG Topicx=iot2040/tempA0
MSG Payload=23.0
MSG Topicx=iot2040/tempA0
MSG Payload=26.0
MSG Topic=iot2040/tempA2
Influx client connected: Scripts
MSG Payload=24.0
MSG Topic=iot2040/tempA2
MSG Payload=26.0
MSG Topic=iot2040/tempA2
MSG Payload=22.0
MSG Topic=iot2040/tempA2
MSG Payload=24.0
MSG Topic=iot2040/tempA2
ERROR: Influx Write:1 - Buffer 76 - e:{'state': True, 'value': 0, 'msg': 'influx_write: <urllib3.connection.HTTPConnection object at 0x000001F9ECE076A0>: Failed to establish a new connection: [WinError 10061] No connection could be made because the target machine actively refused it'}
MSG Payload=25.0
MSG Topicx=iot2040/tempA0
MSG Payload=22.0
MSG Topic=iot2040/tempA2
Influx Connection: Error
MSG Payload=23.0
MSG Topicx=iot2040/tempA0
MSG Payload=24.0
MSG Topic=iot2040/tempA2
MSG Payload=25.0
MSG Topicx=iot2040/tempA0
MSG Payload=26.0
MSG Topic=iot2040/tempA2
Influx client connected: Scripts
MSG Payload=23.0
MSG Topicx=iot2040/tempA0
MSG Payload=22.0
MSG Topic=iot2040/tempA2
MSG Payload=25.0
MSG Topicx=iot2040/tempA0
MSG Payload=24.0
MSG Topic=iot2040/tempA2
MSG Payload=23.0
MSG Topicx=iot2040/tempA0
ERROR: Influx Write:1 - Buffer 87 - e:{'state': True, 'value': 0, 'msg': 'influx_write: <urllib3.connection.HTTPConnection object at 0x000001F9ECE88100>: Failed to establish a new connection: [WinError 10061] No connection could be made because the target machine actively refused it'}
MSG Payload=25.0
MSG Topicx=iot2040/tempA0
Influx Connection: Error
MSG Payload=23.0
MSG Topicx=iot2040/tempA0
MSG Payload=26.0
MSG Topic=iot2040/tempA2
MSG Payload=24.0
MSG Topic=iot2040/tempA2
MSG Payload=26.0
MSG Topic=iot2040/tempA2
MSG Payload=25.0
MSG Topicx=iot2040/tempA0
MSG Payload=24.0
MSG Topic=iot2040/tempA2
Influx client connected: Scripts
MSG Payload=23.0
MSG Topicx=iot2040/tempA0
MSG Payload=22.0
MSG Topic=iot2040/tempA2
MSG Payload=24.0
MSG Topic=iot2040/tempA2
MSG Payload=25.0
MSG Topicx=iot2040/tempA0
MSG Payload=22.0
MSG Topic=iot2040/tempA2
ERROR: Influx Write:1 - Buffer 99 - e:{'state': True, 'value': 0, 'msg': 'influx_write: <urllib3.connection.HTTPConnection object at 0x000001F9ECE07850>: Failed to establish a new connection: [WinError 10061] No connection could be made because the target machine actively refused it'}
MSG Payload=21.0
MSG Topicx=iot2040/tempA0
Influx Connection: Error
MSG Payload=23.0
MSG Topicx=iot2040/tempA0
Influx client connected: Scripts
ERROR: Influx Write:1 - Buffer 100 - e:{'state': True, 'value': 0, 'msg': 'influx_write: <urllib3.connection.HTTPConnection object at 0x000001F9ECE06D10>: Failed to establish a new connection: [WinError 10061] No connection could be made because the target machine actively refused it'}
Influx Connection: Error
Influx client connected: Scripts
ERROR: Influx Write:1 - Buffer 100 - e:{'state': True, 'value': 0, 'msg': 'influx_write: <urllib3.connection.HTTPConnection object at 0x000001F9ECE88370>: Failed to establish a new connection: [WinError 10061] No connection could be made because the target machine actively refused it'}
Influx Connection: Error
Influx client connected: Scripts
ERROR: Influx Write:1 - Buffer 100 - e:{'state': True, 'value': 0, 'msg': 'influx_write: <urllib3.connection.HTTPConnection object at 0x000001F9ECE07E50>: Failed to establish a new connection: [WinError 10061] No connection could be made because the target machine actively refused it'}
Influx Connection: Error
Influx client connected: Scripts
ERROR: Influx Write:1 - Buffer 100 - e:{'state': True, 'value': 0, 'msg': 'influx_write: <urllib3.connection.HTTPConnection object at 0x000001F9ECE06BF0>: Failed to establish a new connection: [WinError 10061] No connection could be made because the target machine actively refused it'}
Influx Connection: Error
Influx client connected: Scripts
ERROR: Influx Write:1 - Buffer 100 - e:{'state': True, 'value': 0, 'msg': 'influx_write: <urllib3.connection.HTTPConnection object at 0x000001F9ECE893C0>: Failed to establish a new connection: [WinError 10061] No connection could be made because the target machine actively refused it'}
Influx Connection: Error
Influx client connected: Scripts
ERROR: Influx Write:1 - Buffer 100 - e:{'state': True, 'value': 0, 'msg': 'influx_write: <urllib3.connection.HTTPConnection object at 0x000001F9ECE07820>: Failed to establish a new connection: [WinError 10061] No connection could be made because the target machine actively refused it'}
Influx Connection: Error
Influx client connected: Scripts
ERROR: Influx Write:1 - Buffer 100 - e:{'state': True, 'value': 0, 'msg': 'influx_write: <urllib3.connection.HTTPConnection object at 0x000001F9ECE88220>: Failed to establish a new connection: [WinError 10061] No connection could be made because the target machine actively refused it'}
Influx Connection: Error
Influx client connected: Scripts
ERROR: Influx Write:1 - Buffer 100 - e:{'state': True, 'value': 0, 'msg': 'influx_write: <urllib3.connection.HTTPConnection object at 0x000001F9ECE8A950>: Failed to establish a new connection: [WinError 10061] No connection could be made because the target machine actively refused it'}
Influx Connection: Error
Influx client connected: Scripts
