Started at: 1658348283.645835
Opened database successfully
Found table successfully
Display Script Successfully Updated in SQLight
{'module': 'script_Helloworld.myscript', 'name': 'app_HelloWorld', 'group': ['group1', 'group2', 'group3'], 'logfile': True, 'autorestart': 0, 'logdir': 'D:\\Python\\Monitoring Scripts\\SilentPython 3 Export\\logs\\app_HelloWorld/2022_07_20-21_18_03.log', 'pid': 18988, 'status': 1, 'state': 'starting', 'ts_created': 1658348283.645835, 'count_cycle': 0}
try import.......script_Helloworld.myscript
app_HelloWorld - Hello World
app_HelloWorld - Hello World
app_HelloWorld - Hello World
app_HelloWorld - Hello World
app_HelloWorld - Hello World
app_HelloWorld - Hello World
app_HelloWorld - Hello World
app_HelloWorld - Hello World
app_HelloWorld - Hello World
app_HelloWorld - Hello World
app_HelloWorld - Hello World
app_HelloWorld - Hello World
app_HelloWorld - Hello World
app_HelloWorld - Hello World
app_HelloWorld - Hello World
app_HelloWorld - Hello World
app_HelloWorld - Hello World
app_HelloWorld - Hello World
app_HelloWorld - Hello World
app_HelloWorld - Hello World
app_HelloWorld - Hello World
app_HelloWorld - Hello World
app_HelloWorld - Hello World
app_HelloWorld - Hello World
app_HelloWorld - Hello World
app_HelloWorld - Hello World
app_HelloWorld - Hello World
