Started at: 1658436264.110292
Opened database successfully
Found table successfully
Display Script Successfully Updated in SQLight
{'module': 'script_Helloworld.myscript', 'name': 'app_HelloWorld_04', 'group': ['HelloWorld', '', ''], 'logfile': True, 'autorestart': 0, 'logdir': 'C:\\Users\\Jeff\\Desktop\\SilentPyton 123\\SilentPyton\\logs\\app_HelloWorld_04/2022_07_21-12_44_24.log', 'pid': 1540, 'status': 1, 'state': 'starting', 'ts_created': 1658436264.110292, 'count_cycle': 0}
try import.......script_Helloworld.myscript
app_HelloWorld_04 - Hello World
app_HelloWorld_04 - Hello World
app_HelloWorld_04 - Hello World
app_HelloWorld_04 - Hello World
app_HelloWorld_04 - Hello World
app_HelloWorld_04 - Hello World
app_HelloWorld_04 - Hello World
app_HelloWorld_04 - Hello World
app_HelloWorld_04 - Hello World
app_HelloWorld_04 - Hello World
app_HelloWorld_04 - Hello World
app_HelloWorld_04 - Hello World
app_HelloWorld_04 - Hello World
app_HelloWorld_04 - Hello World
app_HelloWorld_04 - Hello World
app_HelloWorld_04 - Hello World
app_HelloWorld_04 - Hello World
app_HelloWorld_04 - Hello World
app_HelloWorld_04 - Hello World
app_HelloWorld_04 - Hello World
app_HelloWorld_04 - Hello World
app_HelloWorld_04 - Hello World
app_HelloWorld_04 - Hello World
app_HelloWorld_04 - Hello World
app_HelloWorld_04 - Hello World
app_HelloWorld_04 - Hello World
app_HelloWorld_04 - Hello World
app_HelloWorld_04 - Hello World
app_HelloWorld_04 - Hello World
app_HelloWorld_04 - Hello World
app_HelloWorld_04 - Hello World
