Started at: 1658431970.32899
Opened database successfully
Found table successfully
Display Script Successfully Updated in SQLight
{'module': 'script_Helloworld.myscript', 'name': 'app_HelloWorld_07', 'group': ['HelloWorld', '', ''], 'logfile': True, 'autorestart': 1, 'logdir': 'C:\\Users\\Jeff\\Desktop\\SilentPyton\\SilentPyton\\logs\\app_HelloWorld_07/2022_07_21-11_32_50.log', 'pid': 8616, 'status': 1, 'state': 'starting', 'ts_created': 1658431970.32899, 'count_cycle': 0}
try import.......script_Helloworld.myscript
app_HelloWorld_07 - Hello World
app_HelloWorld_07 - Hello World
app_HelloWorld_07 - Hello World
app_HelloWorld_07 - Hello World
app_HelloWorld_07 - Hello World
app_HelloWorld_07 - Hello World
app_HelloWorld_07 - Hello World
app_HelloWorld_07 - Hello World
app_HelloWorld_07 - Hello World
app_HelloWorld_07 - Hello World
app_HelloWorld_07 - Hello World
app_HelloWorld_07 - Hello World
app_HelloWorld_07 - Hello World
app_HelloWorld_07 - Hello World
