Started at: 1658480236.568797
Opened database successfully
Found table successfully
Display Script Successfully Updated in SQLight
{'module': 'script_Helloworld.myscript', 'name': 'app_HelloWorld_07', 'group': ['HelloWorld', '', ''], 'logfile': True, 'autorestart': 0, 'logdir': 'C:\\Users\\JEF\\Desktop\\SilentPyton 123s\\SilentPyton\\logs\\app_HelloWorld_07/2022_07_22-09_57_16.log', 'pid': 19164, 'status': 1, 'state': 'starting', 'ts_created': 1658480236.568797, 'count_cycle': 0}
try import.......script_Helloworld.myscript
app_HelloWorld_07 - Hello World
app_HelloWorld_07 - Hello World
app_HelloWorld_07 - Hello World
app_HelloWorld_07 - Hello World
app_HelloWorld_07 - Hello World
app_HelloWorld_07 - Hello World
app_HelloWorld_07 - Hello World
app_HelloWorld_07 - Hello World
app_HelloWorld_07 - Hello World
app_HelloWorld_07 - Hello World
app_HelloWorld_07 - Hello World
app_HelloWorld_07 - Hello World
app_HelloWorld_07 - Hello World
app_HelloWorld_07 - Hello World
app_HelloWorld_07 - Hello World
app_HelloWorld_07 - Hello World
app_HelloWorld_07 - Hello World
app_HelloWorld_07 - Hello World
app_HelloWorld_07 - Hello World
app_HelloWorld_07 - Hello World
app_HelloWorld_07 - Hello World
app_HelloWorld_07 - Hello World
app_HelloWorld_07 - Hello World
app_HelloWorld_07 - Hello World
app_HelloWorld_07 - Hello World
app_HelloWorld_07 - Hello World
app_HelloWorld_07 - Hello World
app_HelloWorld_07 - Hello World
app_HelloWorld_07 - Hello World
app_HelloWorld_07 - Hello World
app_HelloWorld_07 - Hello World
app_HelloWorld_07 - Hello World
app_HelloWorld_07 - Hello World
app_HelloWorld_07 - Hello World
app_HelloWorld_07 - Hello World
app_HelloWorld_07 - Hello World
app_HelloWorld_07 - Hello World
app_HelloWorld_07 - Hello World
app_HelloWorld_07 - Hello World
app_HelloWorld_07 - Hello World
app_HelloWorld_07 - Hello World
app_HelloWorld_07 - Hello World
app_HelloWorld_07 - Hello World
app_HelloWorld_07 - Hello World
app_HelloWorld_07 - Hello World
app_HelloWorld_07 - Hello World
app_HelloWorld_07 - Hello World
app_HelloWorld_07 - Hello World
app_HelloWorld_07 - Hello World
app_HelloWorld_07 - Hello World
app_HelloWorld_07 - Hello World
app_HelloWorld_07 - Hello World
app_HelloWorld_07 - Hello World
app_HelloWorld_07 - Hello World
app_HelloWorld_07 - Hello World
app_HelloWorld_07 - Hello World
app_HelloWorld_07 - Hello World
app_HelloWorld_07 - Hello World
app_HelloWorld_07 - Hello World
app_HelloWorld_07 - Hello World
app_HelloWorld_07 - Hello World
app_HelloWorld_07 - Hello World
app_HelloWorld_07 - Hello World
app_HelloWorld_07 - Hello World
app_HelloWorld_07 - Hello World
app_HelloWorld_07 - Hello World
app_HelloWorld_07 - Hello World
app_HelloWorld_07 - Hello World
app_HelloWorld_07 - Hello World
app_HelloWorld_07 - Hello World
app_HelloWorld_07 - Hello World
app_HelloWorld_07 - Hello World
app_HelloWorld_07 - Hello World
app_HelloWorld_07 - Hello World
app_HelloWorld_07 - Hello World
app_HelloWorld_07 - Hello World
app_HelloWorld_07 - Hello World
app_HelloWorld_07 - Hello World
app_HelloWorld_07 - Hello World
app_HelloWorld_07 - Hello World
app_HelloWorld_07 - Hello World
app_HelloWorld_07 - Hello World
app_HelloWorld_07 - Hello World
app_HelloWorld_07 - Hello World
app_HelloWorld_07 - Hello World
app_HelloWorld_07 - Hello World
app_HelloWorld_07 - Hello World
app_HelloWorld_07 - Hello World
app_HelloWorld_07 - Hello World
app_HelloWorld_07 - Hello World
app_HelloWorld_07 - Hello World
app_HelloWorld_07 - Hello World
app_HelloWorld_07 - Hello World
app_HelloWorld_07 - Hello World
app_HelloWorld_07 - Hello World
app_HelloWorld_07 - Hello World
app_HelloWorld_07 - Hello World
app_HelloWorld_07 - Hello World
app_HelloWorld_07 - Hello World
app_HelloWorld_07 - Hello World
app_HelloWorld_07 - Hello World
app_HelloWorld_07 - Hello World
app_HelloWorld_07 - Hello World
app_HelloWorld_07 - Hello World
app_HelloWorld_07 - Hello World
app_HelloWorld_07 - Hello World
app_HelloWorld_07 - Hello World
app_HelloWorld_07 - Hello World
app_HelloWorld_07 - Hello World
app_HelloWorld_07 - Hello World
app_HelloWorld_07 - Hello World
app_HelloWorld_07 - Hello World
app_HelloWorld_07 - Hello World
app_HelloWorld_07 - Hello World
app_HelloWorld_07 - Hello World
app_HelloWorld_07 - Hello World
app_HelloWorld_07 - Hello World
app_HelloWorld_07 - Hello World
app_HelloWorld_07 - Hello World
app_HelloWorld_07 - Hello World
app_HelloWorld_07 - Hello World
app_HelloWorld_07 - Hello World
app_HelloWorld_07 - Hello World
app_HelloWorld_07 - Hello World
app_HelloWorld_07 - Hello World
app_HelloWorld_07 - Hello World
app_HelloWorld_07 - Hello World
app_HelloWorld_07 - Hello World
app_HelloWorld_07 - Hello World
app_HelloWorld_07 - Hello World
app_HelloWorld_07 - Hello World
app_HelloWorld_07 - Hello World
app_HelloWorld_07 - Hello World
app_HelloWorld_07 - Hello World
app_HelloWorld_07 - Hello World
app_HelloWorld_07 - Hello World
app_HelloWorld_07 - Hello World
app_HelloWorld_07 - Hello World
app_HelloWorld_07 - Hello World
app_HelloWorld_07 - Hello World
app_HelloWorld_07 - Hello World
app_HelloWorld_07 - Hello World
app_HelloWorld_07 - Hello World
app_HelloWorld_07 - Hello World
app_HelloWorld_07 - Hello World
app_HelloWorld_07 - Hello World
app_HelloWorld_07 - Hello World
app_HelloWorld_07 - Hello World
app_HelloWorld_07 - Hello World
app_HelloWorld_07 - Hello World
app_HelloWorld_07 - Hello World
app_HelloWorld_07 - Hello World
app_HelloWorld_07 - Hello World
app_HelloWorld_07 - Hello World
app_HelloWorld_07 - Hello World
app_HelloWorld_07 - Hello World
app_HelloWorld_07 - Hello World
app_HelloWorld_07 - Hello World
app_HelloWorld_07 - Hello World
app_HelloWorld_07 - Hello World
app_HelloWorld_07 - Hello World
app_HelloWorld_07 - Hello World
app_HelloWorld_07 - Hello World
app_HelloWorld_07 - Hello World
app_HelloWorld_07 - Hello World
app_HelloWorld_07 - Hello World
app_HelloWorld_07 - Hello World
app_HelloWorld_07 - Hello World
app_HelloWorld_07 - Hello World
app_HelloWorld_07 - Hello World
app_HelloWorld_07 - Hello World
app_HelloWorld_07 - Hello World
app_HelloWorld_07 - Hello World
app_HelloWorld_07 - Hello World
app_HelloWorld_07 - Hello World
app_HelloWorld_07 - Hello World
app_HelloWorld_07 - Hello World
app_HelloWorld_07 - Hello World
app_HelloWorld_07 - Hello World
app_HelloWorld_07 - Hello World
app_HelloWorld_07 - Hello World
app_HelloWorld_07 - Hello World
app_HelloWorld_07 - Hello World
app_HelloWorld_07 - Hello World
app_HelloWorld_07 - Hello World
app_HelloWorld_07 - Hello World
app_HelloWorld_07 - Hello World
app_HelloWorld_07 - Hello World
app_HelloWorld_07 - Hello World
app_HelloWorld_07 - Hello World
app_HelloWorld_07 - Hello World
app_HelloWorld_07 - Hello World
app_HelloWorld_07 - Hello World
app_HelloWorld_07 - Hello World
app_HelloWorld_07 - Hello World
app_HelloWorld_07 - Hello World
app_HelloWorld_07 - Hello World
app_HelloWorld_07 - Hello World
app_HelloWorld_07 - Hello World
app_HelloWorld_07 - Hello World
app_HelloWorld_07 - Hello World
app_HelloWorld_07 - Hello World
app_HelloWorld_07 - Hello World
app_HelloWorld_07 - Hello World
app_HelloWorld_07 - Hello World
app_HelloWorld_07 - Hello World
app_HelloWorld_07 - Hello World
app_HelloWorld_07 - Hello World
app_HelloWorld_07 - Hello World
app_HelloWorld_07 - Hello World
app_HelloWorld_07 - Hello World
app_HelloWorld_07 - Hello World
app_HelloWorld_07 - Hello World
app_HelloWorld_07 - Hello World
app_HelloWorld_07 - Hello World
app_HelloWorld_07 - Hello World
app_HelloWorld_07 - Hello World
app_HelloWorld_07 - Hello World
app_HelloWorld_07 - Hello World
app_HelloWorld_07 - Hello World
app_HelloWorld_07 - Hello World
app_HelloWorld_07 - Hello World
app_HelloWorld_07 - Hello World
app_HelloWorld_07 - Hello World
app_HelloWorld_07 - Hello World
app_HelloWorld_07 - Hello World
app_HelloWorld_07 - Hello World
app_HelloWorld_07 - Hello World
app_HelloWorld_07 - Hello World
app_HelloWorld_07 - Hello World
app_HelloWorld_07 - Hello World
app_HelloWorld_07 - Hello World
app_HelloWorld_07 - Hello World
app_HelloWorld_07 - Hello World
app_HelloWorld_07 - Hello World
app_HelloWorld_07 - Hello World
app_HelloWorld_07 - Hello World
app_HelloWorld_07 - Hello World
app_HelloWorld_07 - Hello World
app_HelloWorld_07 - Hello World
app_HelloWorld_07 - Hello World
app_HelloWorld_07 - Hello World
app_HelloWorld_07 - Hello World
app_HelloWorld_07 - Hello World
app_HelloWorld_07 - Hello World
app_HelloWorld_07 - Hello World
app_HelloWorld_07 - Hello World
app_HelloWorld_07 - Hello World
app_HelloWorld_07 - Hello World
