Started at: 1658498947.957001
Opened database successfully
Found table successfully
Display Script Successfully Updated in SQLight
{'module': 'script_MQTT.myscript', 'name': 'app_MQTT6', 'group': ['group1', '', ''], 'logfile': True, 'autorestart': 0, 'logdir': 'C:\\Users\\JEF\\Documents\\GitHub\\SilentPyton\\logs\\app_MQTT6/2022_07_22-15_09_07.log', 'pid': 17972, 'status': 1, 'state': 'starting', 'ts_created': 1658498947.957001, 'count_cycle': 0}
try import.......script_MQTT.myscript
Python Code==========================================
Influx client connected: Scripts
loops started
MQTT Connection: False
Connected with result code 0
MQTT Connection: True
MSG Payload=25.0
MSG Topicx=iot2040/tempA0
Influx value writen: app_MQTT6, iot2040/tempA0, 25.0, 1
MSG Payload=23.0
MSG Topicx=iot2040/tempA0
Influx value writen: app_MQTT6, iot2040/tempA0, 23.0, 2
MSG Payload=24.0
MSG Topic=iot2040/tempA2
Influx value writen: app_MQTT6, iot2040/tempA2, 24.0, 3
MSG Payload=25.0
MSG Topicx=iot2040/tempA0
Influx value writen: app_MQTT6, iot2040/tempA0, 25.0, 4
MSG Payload=22.0
MSG Topic=iot2040/tempA2
Influx value writen: app_MQTT6, iot2040/tempA2, 22.0, 5
MSG Payload=23.0
MSG Topicx=iot2040/tempA0
Influx value writen: app_MQTT6, iot2040/tempA0, 23.0, 6
MSG Payload=24.0
MSG Topic=iot2040/tempA2
Influx value writen: app_MQTT6, iot2040/tempA2, 24.0, 7
MSG Payload=26.0
MSG Topic=iot2040/tempA2
Influx value writen: app_MQTT6, iot2040/tempA2, 26.0, 8
MSG Payload=22.0
MSG Topic=iot2040/tempA2
Influx value writen: app_MQTT6, iot2040/tempA2, 22.0, 9
MSG Payload=25.0
MSG Topicx=iot2040/tempA0
Influx value writen: app_MQTT6, iot2040/tempA0, 25.0, 10
MSG Payload=26.0
MSG Topic=iot2040/tempA2
Influx value writen: app_MQTT6, iot2040/tempA2, 26.0, 11
MSG Payload=24.0
MSG Topic=iot2040/tempA2
Influx value writen: app_MQTT6, iot2040/tempA2, 24.0, 12
MSG Payload=23.0
MSG Topicx=iot2040/tempA0
Influx value writen: app_MQTT6, iot2040/tempA0, 23.0, 13
MSG Payload=25.0
MSG Topicx=iot2040/tempA0
Influx value writen: app_MQTT6, iot2040/tempA0, 25.0, 14
MSG Payload=22.0
MSG Topic=iot2040/tempA2
Influx value writen: app_MQTT6, iot2040/tempA2, 22.0, 15
MSG Payload=26.0
MSG Topic=iot2040/tempA2
Influx value writen: app_MQTT6, iot2040/tempA2, 26.0, 16
MSG Payload=23.0
MSG Topicx=iot2040/tempA0
Influx value writen: app_MQTT6, iot2040/tempA0, 23.0, 17
MSG Payload=24.0
MSG Topic=iot2040/tempA2
Influx value writen: app_MQTT6, iot2040/tempA2, 24.0, 18
MSG Payload=22.0
MSG Topic=iot2040/tempA2
Influx value writen: app_MQTT6, iot2040/tempA2, 22.0, 19
MSG Payload=25.0
MSG Topicx=iot2040/tempA0
Influx value writen: app_MQTT6, iot2040/tempA0, 25.0, 20
MSG Payload=26.0
MSG Topic=iot2040/tempA2
Influx value writen: app_MQTT6, iot2040/tempA2, 26.0, 21
MSG Payload=22.0
MSG Topic=iot2040/tempA2
Influx value writen: app_MQTT6, iot2040/tempA2, 22.0, 22
MSG Payload=23.0
MSG Topicx=iot2040/tempA0
Influx value writen: app_MQTT6, iot2040/tempA0, 23.0, 23
MSG Payload=26.0
MSG Topic=iot2040/tempA2
Influx value writen: app_MQTT6, iot2040/tempA2, 26.0, 24
MSG Payload=24.0
MSG Topic=iot2040/tempA2
Influx value writen: app_MQTT6, iot2040/tempA2, 24.0, 25
MSG Payload=26.0
MSG Topic=iot2040/tempA2
Influx value writen: app_MQTT6, iot2040/tempA2, 26.0, 26
MSG Payload=25.0
MSG Topicx=iot2040/tempA0
Influx value writen: app_MQTT6, iot2040/tempA0, 25.0, 27
MSG Payload=22.0
MSG Topic=iot2040/tempA2
Influx value writen: app_MQTT6, iot2040/tempA2, 22.0, 28
MSG Payload=23.0
MSG Topicx=iot2040/tempA0
Influx value writen: app_MQTT6, iot2040/tempA0, 23.0, 29
MSG Payload=24.0
MSG Topic=iot2040/tempA2
Influx value writen: app_MQTT6, iot2040/tempA2, 24.0, 30
MSG Payload=22.0
MSG Topic=iot2040/tempA2
Influx value writen: app_MQTT6, iot2040/tempA2, 22.0, 31
MSG Payload=26.0
MSG Topic=iot2040/tempA2
Influx value writen: app_MQTT6, iot2040/tempA2, 26.0, 32
MSG Payload=22.0
MSG Topic=iot2040/tempA2
Influx value writen: app_MQTT6, iot2040/tempA2, 22.0, 33
MSG Payload=25.0
MSG Topicx=iot2040/tempA0
Influx value writen: app_MQTT6, iot2040/tempA0, 25.0, 34
MSG Payload=26.0
MSG Topic=iot2040/tempA2
Influx value writen: app_MQTT6, iot2040/tempA2, 26.0, 35
MSG Payload=24.0
MSG Topic=iot2040/tempA2
Influx value writen: app_MQTT6, iot2040/tempA2, 24.0, 36
MSG Payload=26.0
MSG Topic=iot2040/tempA2
Influx value writen: app_MQTT6, iot2040/tempA2, 26.0, 37
MSG Payload=22.0
MSG Topic=iot2040/tempA2
Influx value writen: app_MQTT6, iot2040/tempA2, 22.0, 38
MSG Payload=23.0
MSG Topicx=iot2040/tempA0
Influx value writen: app_MQTT6, iot2040/tempA0, 23.0, 39
MSG Payload=26.0
MSG Topic=iot2040/tempA2
Influx value writen: app_MQTT6, iot2040/tempA2, 26.0, 40
MSG Payload=22.0
MSG Topic=iot2040/tempA2
Influx value writen: app_MQTT6, iot2040/tempA2, 22.0, 41
MSG Payload=25.0
MSG Topicx=iot2040/tempA0
Influx value writen: app_MQTT6, iot2040/tempA0, 25.0, 42
MSG Payload=26.0
MSG Topic=iot2040/tempA2
Influx value writen: app_MQTT6, iot2040/tempA2, 26.0, 43
MSG Payload=23.0
MSG Topicx=iot2040/tempA0
Influx value writen: app_MQTT6, iot2040/tempA0, 23.0, 44
MSG Payload=24.0
MSG Topic=iot2040/tempA2
Influx value writen: app_MQTT6, iot2040/tempA2, 24.0, 45
MSG Payload=25.0
MSG Topicx=iot2040/tempA0
Influx value writen: app_MQTT6, iot2040/tempA0, 25.0, 46
MSG Payload=26.0
MSG Topic=iot2040/tempA2
Influx value writen: app_MQTT6, iot2040/tempA2, 26.0, 47
MSG Payload=23.0
MSG Topicx=iot2040/tempA0
Influx value writen: app_MQTT6, iot2040/tempA0, 23.0, 48
MSG Payload=24.0
MSG Topic=iot2040/tempA2
Influx value writen: app_MQTT6, iot2040/tempA2, 24.0, 49
MSG Payload=25.0
MSG Topicx=iot2040/tempA0
Influx value writen: app_MQTT6, iot2040/tempA0, 25.0, 50
MSG Payload=23.0
MSG Topicx=iot2040/tempA0
Influx value writen: app_MQTT6, iot2040/tempA0, 23.0, 51
MSG Payload=26.0
MSG Topic=iot2040/tempA2
Influx value writen: app_MQTT6, iot2040/tempA2, 26.0, 52
MSG Payload=24.0
MSG Topic=iot2040/tempA2
Influx value writen: app_MQTT6, iot2040/tempA2, 24.0, 53
MSG Payload=25.0
MSG Topicx=iot2040/tempA0
Influx value writen: app_MQTT6, iot2040/tempA0, 25.0, 54
MSG Payload=23.0
MSG Topicx=iot2040/tempA0
Influx value writen: app_MQTT6, iot2040/tempA0, 23.0, 55
MSG Payload=22.0
MSG Topic=iot2040/tempA2
Influx value writen: app_MQTT6, iot2040/tempA2, 22.0, 56
MSG Payload=25.0
MSG Topicx=iot2040/tempA0
Influx value writen: app_MQTT6, iot2040/tempA0, 25.0, 57
MSG Payload=24.0
MSG Topic=iot2040/tempA2
Influx value writen: app_MQTT6, iot2040/tempA2, 24.0, 58
MSG Payload=23.0
MSG Topicx=iot2040/tempA0
Influx value writen: app_MQTT6, iot2040/tempA0, 23.0, 59
MSG Payload=26.0
MSG Topic=iot2040/tempA2
Influx value writen: app_MQTT6, iot2040/tempA2, 26.0, 60
MSG Payload=22.0
MSG Topic=iot2040/tempA2
Influx value writen: app_MQTT6, iot2040/tempA2, 22.0, 61
MSG Payload=26.0
MSG Topic=iot2040/tempA2
Influx value writen: app_MQTT6, iot2040/tempA2, 26.0, 62
MSG Payload=25.0
MSG Topicx=iot2040/tempA0
Influx value writen: app_MQTT6, iot2040/tempA0, 25.0, 63
MSG Payload=24.0
MSG Topic=iot2040/tempA2
Influx value writen: app_MQTT6, iot2040/tempA2, 24.0, 64
MSG Payload=23.0
MSG Topicx=iot2040/tempA0
Influx value writen: app_MQTT6, iot2040/tempA0, 23.0, 65
MSG Payload=22.0
MSG Topic=iot2040/tempA2
Influx value writen: app_MQTT6, iot2040/tempA2, 22.0, 66
MSG Payload=25.0
MSG Topicx=iot2040/tempA0
Influx value writen: app_MQTT6, iot2040/tempA0, 25.0, 67
MSG Payload=24.0
MSG Topic=iot2040/tempA2
Influx value writen: app_MQTT6, iot2040/tempA2, 24.0, 68
MSG Payload=23.0
MSG Topicx=iot2040/tempA0
Influx value writen: app_MQTT6, iot2040/tempA0, 23.0, 69
MSG Payload=26.0
MSG Topic=iot2040/tempA2
Influx value writen: app_MQTT6, iot2040/tempA2, 26.0, 70
MSG Payload=24.0
MSG Topic=iot2040/tempA2
Influx value writen: app_MQTT6, iot2040/tempA2, 24.0, 71
MSG Payload=25.0
MSG Topicx=iot2040/tempA0
Influx value writen: app_MQTT6, iot2040/tempA0, 25.0, 72
MSG Payload=23.0
MSG Topicx=iot2040/tempA0
Influx value writen: app_MQTT6, iot2040/tempA0, 23.0, 73
MSG Payload=26.0
MSG Topic=iot2040/tempA2
Influx value writen: app_MQTT6, iot2040/tempA2, 26.0, 74
MSG Payload=24.0
MSG Topic=iot2040/tempA2
Influx value writen: app_MQTT6, iot2040/tempA2, 24.0, 75
MSG Payload=26.0
MSG Topic=iot2040/tempA2
Influx value writen: app_MQTT6, iot2040/tempA2, 26.0, 76
MSG Payload=24.0
MSG Topic=iot2040/tempA2
Influx value writen: app_MQTT6, iot2040/tempA2, 24.0, 77
MSG Payload=22.0
MSG Topic=iot2040/tempA2
Influx value writen: app_MQTT6, iot2040/tempA2, 22.0, 78
MSG Payload=25.0
MSG Topicx=iot2040/tempA0
Influx value writen: app_MQTT6, iot2040/tempA0, 25.0, 79
MSG Payload=26.0
MSG Topic=iot2040/tempA2
Influx value writen: app_MQTT6, iot2040/tempA2, 26.0, 80
MSG Payload=23.0
MSG Topicx=iot2040/tempA0
Influx value writen: app_MQTT6, iot2040/tempA0, 23.0, 81
MSG Payload=24.0
MSG Topic=iot2040/tempA2
Influx value writen: app_MQTT6, iot2040/tempA2, 24.0, 82
MSG Payload=25.0
MSG Topicx=iot2040/tempA0
Influx value writen: app_MQTT6, iot2040/tempA0, 25.0, 83
MSG Payload=26.0
MSG Topic=iot2040/tempA2
Influx value writen: app_MQTT6, iot2040/tempA2, 26.0, 84
MSG Payload=23.0
MSG Topicx=iot2040/tempA0
Influx value writen: app_MQTT6, iot2040/tempA0, 23.0, 85
MSG Payload=22.0
MSG Topic=iot2040/tempA2
Influx value writen: app_MQTT6, iot2040/tempA2, 22.0, 86
MSG Payload=25.0
MSG Topicx=iot2040/tempA0
Influx value writen: app_MQTT6, iot2040/tempA0, 25.0, 87
MSG Payload=24.0
MSG Topic=iot2040/tempA2
Influx value writen: app_MQTT6, iot2040/tempA2, 24.0, 88
MSG Payload=26.0
MSG Topic=iot2040/tempA2
Influx value writen: app_MQTT6, iot2040/tempA2, 26.0, 89
MSG Payload=23.0
MSG Topicx=iot2040/tempA0
Influx value writen: app_MQTT6, iot2040/tempA0, 23.0, 90
MSG Payload=25.0
MSG Topicx=iot2040/tempA0
Influx value writen: app_MQTT6, iot2040/tempA0, 25.0, 91
MSG Payload=24.0
MSG Topic=iot2040/tempA2
Influx value writen: app_MQTT6, iot2040/tempA2, 24.0, 92
MSG Payload=26.0
MSG Topic=iot2040/tempA2
Influx value writen: app_MQTT6, iot2040/tempA2, 26.0, 93
MSG Payload=24.0
MSG Topic=iot2040/tempA2
Influx value writen: app_MQTT6, iot2040/tempA2, 24.0, 94
MSG Payload=23.0
MSG Topicx=iot2040/tempA0
Influx value writen: app_MQTT6, iot2040/tempA0, 23.0, 95
MSG Payload=26.0
MSG Topic=iot2040/tempA2
Influx value writen: app_MQTT6, iot2040/tempA2, 26.0, 96
MSG Payload=25.0
MSG Topicx=iot2040/tempA0
Influx value writen: app_MQTT6, iot2040/tempA0, 25.0, 97
MSG Payload=24.0
MSG Topic=iot2040/tempA2
Influx value writen: app_MQTT6, iot2040/tempA2, 24.0, 98
MSG Payload=23.0
MSG Topicx=iot2040/tempA0
Influx value writen: app_MQTT6, iot2040/tempA0, 23.0, 99
MSG Payload=26.0
MSG Topic=iot2040/tempA2
Influx value writen: app_MQTT6, iot2040/tempA2, 26.0, 100
MSG Payload=24.0
MSG Topic=iot2040/tempA2
Influx value writen: app_MQTT6, iot2040/tempA2, 24.0, 101
MSG Payload=25.0
MSG Topicx=iot2040/tempA0
Influx value writen: app_MQTT6, iot2040/tempA0, 25.0, 102
MSG Payload=22.0
MSG Topic=iot2040/tempA2
Influx value writen: app_MQTT6, iot2040/tempA2, 22.0, 103
MSG Payload=26.0
MSG Topic=iot2040/tempA2
Influx value writen: app_MQTT6, iot2040/tempA2, 26.0, 104
MSG Payload=23.0
MSG Topicx=iot2040/tempA0
Influx value writen: app_MQTT6, iot2040/tempA0, 23.0, 105
MSG Payload=24.0
MSG Topic=iot2040/tempA2
Influx value writen: app_MQTT6, iot2040/tempA2, 24.0, 106
MSG Payload=25.0
MSG Topicx=iot2040/tempA0
Influx value writen: app_MQTT6, iot2040/tempA0, 25.0, 107
MSG Payload=26.0
MSG Topic=iot2040/tempA2
Influx value writen: app_MQTT6, iot2040/tempA2, 26.0, 108
MSG Payload=23.0
MSG Topicx=iot2040/tempA0
Influx value writen: app_MQTT6, iot2040/tempA0, 23.0, 109
MSG Payload=24.0
MSG Topic=iot2040/tempA2
Influx value writen: app_MQTT6, iot2040/tempA2, 24.0, 110
MSG Payload=25.0
MSG Topicx=iot2040/tempA0
Influx value writen: app_MQTT6, iot2040/tempA0, 25.0, 111
MSG Payload=22.0
MSG Topic=iot2040/tempA2
Influx value writen: app_MQTT6, iot2040/tempA2, 22.0, 112
MSG Payload=24.0
MSG Topic=iot2040/tempA2
Influx value writen: app_MQTT6, iot2040/tempA2, 24.0, 113
MSG Payload=23.0
MSG Topicx=iot2040/tempA0
Influx value writen: app_MQTT6, iot2040/tempA0, 23.0, 114
MSG Payload=26.0
MSG Topic=iot2040/tempA2
Influx value writen: app_MQTT6, iot2040/tempA2, 26.0, 115
MSG Payload=25.0
MSG Topicx=iot2040/tempA0
Influx value writen: app_MQTT6, iot2040/tempA0, 25.0, 116
MSG Payload=24.0
MSG Topic=iot2040/tempA2
Influx value writen: app_MQTT6, iot2040/tempA2, 24.0, 117
MSG Payload=23.0
MSG Topicx=iot2040/tempA0
Influx value writen: app_MQTT6, iot2040/tempA0, 23.0, 118
MSG Payload=22.0
MSG Topic=iot2040/tempA2
Influx value writen: app_MQTT6, iot2040/tempA2, 22.0, 119
MSG Payload=24.0
MSG Topic=iot2040/tempA2
Influx value writen: app_MQTT6, iot2040/tempA2, 24.0, 120
MSG Payload=26.0
MSG Topic=iot2040/tempA2
Influx value writen: app_MQTT6, iot2040/tempA2, 26.0, 121
MSG Payload=25.0
MSG Topicx=iot2040/tempA0
Influx value writen: app_MQTT6, iot2040/tempA0, 25.0, 122
MSG Payload=23.0
MSG Topicx=iot2040/tempA0
Influx value writen: app_MQTT6, iot2040/tempA0, 23.0, 123
MSG Payload=24.0
MSG Topic=iot2040/tempA2
Influx value writen: app_MQTT6, iot2040/tempA2, 24.0, 124
MSG Payload=25.0
MSG Topicx=iot2040/tempA0
Influx value writen: app_MQTT6, iot2040/tempA0, 25.0, 125
MSG Payload=22.0
MSG Topic=iot2040/tempA2
Influx value writen: app_MQTT6, iot2040/tempA2, 22.0, 126
MSG Payload=23.0
MSG Topicx=iot2040/tempA0
Influx value writen: app_MQTT6, iot2040/tempA0, 23.0, 127
MSG Payload=26.0
MSG Topic=iot2040/tempA2
Influx value writen: app_MQTT6, iot2040/tempA2, 26.0, 128
MSG Payload=24.0
MSG Topic=iot2040/tempA2
Influx value writen: app_MQTT6, iot2040/tempA2, 24.0, 129
MSG Payload=25.0
MSG Topicx=iot2040/tempA0
Influx value writen: app_MQTT6, iot2040/tempA0, 25.0, 130
MSG Payload=22.0
MSG Topic=iot2040/tempA2
Influx value writen: app_MQTT6, iot2040/tempA2, 22.0, 131
MSG Payload=24.0
MSG Topic=iot2040/tempA2
Influx value writen: app_MQTT6, iot2040/tempA2, 24.0, 132
MSG Payload=23.0
MSG Topicx=iot2040/tempA0
Influx value writen: app_MQTT6, iot2040/tempA0, 23.0, 133
MSG Payload=26.0
MSG Topic=iot2040/tempA2
Influx value writen: app_MQTT6, iot2040/tempA2, 26.0, 134
MSG Payload=24.0
MSG Topic=iot2040/tempA2
Influx value writen: app_MQTT6, iot2040/tempA2, 24.0, 135
MSG Payload=26.0
MSG Topic=iot2040/tempA2
Influx value writen: app_MQTT6, iot2040/tempA2, 26.0, 136
MSG Payload=25.0
MSG Topicx=iot2040/tempA0
Influx value writen: app_MQTT6, iot2040/tempA0, 25.0, 137
MSG Payload=28.0
MSG Topic=iot2040/tempA2
Influx value writen: app_MQTT6, iot2040/tempA2, 28.0, 138
MSG Payload=26.0
MSG Topic=iot2040/tempA2
Influx value writen: app_MQTT6, iot2040/tempA2, 26.0, 139
MSG Payload=23.0
MSG Topicx=iot2040/tempA0
Influx value writen: app_MQTT6, iot2040/tempA0, 23.0, 140
MSG Payload=24.0
MSG Topic=iot2040/tempA2
Influx value writen: app_MQTT6, iot2040/tempA2, 24.0, 141
MSG Payload=25.0
MSG Topicx=iot2040/tempA0
Influx value writen: app_MQTT6, iot2040/tempA0, 25.0, 142
MSG Payload=26.0
MSG Topic=iot2040/tempA2
Influx value writen: app_MQTT6, iot2040/tempA2, 26.0, 143
MSG Payload=23.0
MSG Topicx=iot2040/tempA0
Influx value writen: app_MQTT6, iot2040/tempA0, 23.0, 144
MSG Payload=24.0
MSG Topic=iot2040/tempA2
Influx value writen: app_MQTT6, iot2040/tempA2, 24.0, 145
MSG Payload=25.0
MSG Topicx=iot2040/tempA0
Influx value writen: app_MQTT6, iot2040/tempA0, 25.0, 146
MSG Payload=22.0
MSG Topic=iot2040/tempA2
Influx value writen: app_MQTT6, iot2040/tempA2, 22.0, 147
MSG Payload=23.0
MSG Topicx=iot2040/tempA0
Influx value writen: app_MQTT6, iot2040/tempA0, 23.0, 148
MSG Payload=24.0
MSG Topic=iot2040/tempA2
Influx value writen: app_MQTT6, iot2040/tempA2, 24.0, 149
MSG Payload=25.0
MSG Topicx=iot2040/tempA0
Influx value writen: app_MQTT6, iot2040/tempA0, 25.0, 150
MSG Payload=26.0
MSG Topic=iot2040/tempA2
Influx value writen: app_MQTT6, iot2040/tempA2, 26.0, 151
MSG Payload=24.0
MSG Topic=iot2040/tempA2
Influx value writen: app_MQTT6, iot2040/tempA2, 24.0, 152
MSG Payload=23.0
MSG Topicx=iot2040/tempA0
Influx value writen: app_MQTT6, iot2040/tempA0, 23.0, 153
MSG Payload=25.0
MSG Topicx=iot2040/tempA0
Influx value writen: app_MQTT6, iot2040/tempA0, 25.0, 154
MSG Payload=26.0
MSG Topic=iot2040/tempA2
Influx value writen: app_MQTT6, iot2040/tempA2, 26.0, 155
MSG Payload=23.0
MSG Topicx=iot2040/tempA0
Influx value writen: app_MQTT6, iot2040/tempA0, 23.0, 156
MSG Payload=25.0
MSG Topicx=iot2040/tempA0
Influx value writen: app_MQTT6, iot2040/tempA0, 25.0, 157
MSG Payload=24.0
MSG Topic=iot2040/tempA2
Influx value writen: app_MQTT6, iot2040/tempA2, 24.0, 158
MSG Payload=23.0
MSG Topicx=iot2040/tempA0
Influx value writen: app_MQTT6, iot2040/tempA0, 23.0, 159
MSG Payload=22.0
MSG Topic=iot2040/tempA2
Influx value writen: app_MQTT6, iot2040/tempA2, 22.0, 160
MSG Payload=24.0
MSG Topic=iot2040/tempA2
Influx value writen: app_MQTT6, iot2040/tempA2, 24.0, 161
MSG Payload=25.0
MSG Topicx=iot2040/tempA0
Influx value writen: app_MQTT6, iot2040/tempA0, 25.0, 162
MSG Payload=23.0
MSG Topicx=iot2040/tempA0
Influx value writen: app_MQTT6, iot2040/tempA0, 23.0, 163
MSG Payload=26.0
MSG Topic=iot2040/tempA2
Influx value writen: app_MQTT6, iot2040/tempA2, 26.0, 164
MSG Payload=22.0
MSG Topic=iot2040/tempA2
Influx value writen: app_MQTT6, iot2040/tempA2, 22.0, 165
MSG Payload=26.0
MSG Topic=iot2040/tempA2
Influx value writen: app_MQTT6, iot2040/tempA2, 26.0, 166
MSG Payload=25.0
MSG Topicx=iot2040/tempA0
Influx value writen: app_MQTT6, iot2040/tempA0, 25.0, 167
MSG Payload=24.0
MSG Topic=iot2040/tempA2
Influx value writen: app_MQTT6, iot2040/tempA2, 24.0, 168
MSG Payload=23.0
MSG Topicx=iot2040/tempA0
Influx value writen: app_MQTT6, iot2040/tempA0, 23.0, 169
MSG Payload=26.0
MSG Topic=iot2040/tempA2
Influx value writen: app_MQTT6, iot2040/tempA2, 26.0, 170
MSG Payload=25.0
MSG Topicx=iot2040/tempA0
Influx value writen: app_MQTT6, iot2040/tempA0, 25.0, 171
MSG Payload=24.0
MSG Topic=iot2040/tempA2
Influx value writen: app_MQTT6, iot2040/tempA2, 24.0, 172
MSG Payload=26.0
MSG Topic=iot2040/tempA2
Influx value writen: app_MQTT6, iot2040/tempA2, 26.0, 173
MSG Payload=23.0
MSG Topicx=iot2040/tempA0
Influx value writen: app_MQTT6, iot2040/tempA0, 23.0, 174
MSG Payload=24.0
MSG Topic=iot2040/tempA2
Influx value writen: app_MQTT6, iot2040/tempA2, 24.0, 175
MSG Payload=25.0
MSG Topicx=iot2040/tempA0
Influx value writen: app_MQTT6, iot2040/tempA0, 25.0, 176
MSG Payload=22.0
MSG Topic=iot2040/tempA2
Influx value writen: app_MQTT6, iot2040/tempA2, 22.0, 177
MSG Payload=26.0
MSG Topic=iot2040/tempA2
Influx value writen: app_MQTT6, iot2040/tempA2, 26.0, 178
MSG Payload=23.0
MSG Topicx=iot2040/tempA0
Influx value writen: app_MQTT6, iot2040/tempA0, 23.0, 179
MSG Payload=25.0
MSG Topicx=iot2040/tempA0
Influx value writen: app_MQTT6, iot2040/tempA0, 25.0, 180
MSG Payload=23.0
MSG Topicx=iot2040/tempA0
Influx value writen: app_MQTT6, iot2040/tempA0, 23.0, 181
MSG Payload=24.0
MSG Topic=iot2040/tempA2
Influx value writen: app_MQTT6, iot2040/tempA2, 24.0, 182
MSG Payload=26.0
MSG Topic=iot2040/tempA2
Influx value writen: app_MQTT6, iot2040/tempA2, 26.0, 183
MSG Payload=24.0
MSG Topic=iot2040/tempA2
Influx value writen: app_MQTT6, iot2040/tempA2, 24.0, 184
MSG Payload=25.0
MSG Topicx=iot2040/tempA0
Influx value writen: app_MQTT6, iot2040/tempA0, 25.0, 185
MSG Payload=26.0
MSG Topic=iot2040/tempA2
Influx value writen: app_MQTT6, iot2040/tempA2, 26.0, 186
MSG Payload=23.0
MSG Topicx=iot2040/tempA0
Influx value writen: app_MQTT6, iot2040/tempA0, 23.0, 187
MSG Payload=24.0
MSG Topic=iot2040/tempA2
Influx value writen: app_MQTT6, iot2040/tempA2, 24.0, 188
MSG Payload=26.0
MSG Topic=iot2040/tempA2
Influx value writen: app_MQTT6, iot2040/tempA2, 26.0, 189
MSG Payload=25.0
MSG Topicx=iot2040/tempA0
Influx value writen: app_MQTT6, iot2040/tempA0, 25.0, 190
MSG Payload=23.0
MSG Topicx=iot2040/tempA0
Influx value writen: app_MQTT6, iot2040/tempA0, 23.0, 191
MSG Payload=25.0
MSG Topicx=iot2040/tempA0
Influx value writen: app_MQTT6, iot2040/tempA0, 25.0, 192
MSG Payload=24.0
MSG Topic=iot2040/tempA2
Influx value writen: app_MQTT6, iot2040/tempA2, 24.0, 193
MSG Payload=23.0
MSG Topicx=iot2040/tempA0
Influx value writen: app_MQTT6, iot2040/tempA0, 23.0, 194
MSG Payload=26.0
MSG Topic=iot2040/tempA2
Influx value writen: app_MQTT6, iot2040/tempA2, 26.0, 195
MSG Payload=22.0
MSG Topic=iot2040/tempA2
Influx value writen: app_MQTT6, iot2040/tempA2, 22.0, 196
MSG Payload=26.0
MSG Topic=iot2040/tempA2
Influx value writen: app_MQTT6, iot2040/tempA2, 26.0, 197
MSG Payload=22.0
MSG Topic=iot2040/tempA2
Influx value writen: app_MQTT6, iot2040/tempA2, 22.0, 198
MSG Payload=26.0
MSG Topic=iot2040/tempA2
Influx value writen: app_MQTT6, iot2040/tempA2, 26.0, 199
MSG Payload=24.0
MSG Topic=iot2040/tempA2
Influx value writen: app_MQTT6, iot2040/tempA2, 24.0, 200
MSG Payload=25.0
MSG Topicx=iot2040/tempA0
Influx value writen: app_MQTT6, iot2040/tempA0, 25.0, 201
MSG Payload=26.0
MSG Topic=iot2040/tempA2
Influx value writen: app_MQTT6, iot2040/tempA2, 26.0, 202
MSG Payload=23.0
MSG Topicx=iot2040/tempA0
Influx value writen: app_MQTT6, iot2040/tempA0, 23.0, 203
MSG Payload=24.0
MSG Topic=iot2040/tempA2
Influx value writen: app_MQTT6, iot2040/tempA2, 24.0, 204
MSG Payload=25.0
MSG Topicx=iot2040/tempA0
Influx value writen: app_MQTT6, iot2040/tempA0, 25.0, 205
MSG Payload=23.0
MSG Topicx=iot2040/tempA0
Influx value writen: app_MQTT6, iot2040/tempA0, 23.0, 206
MSG Payload=26.0
MSG Topic=iot2040/tempA2
Influx value writen: app_MQTT6, iot2040/tempA2, 26.0, 207
MSG Payload=25.0
MSG Topicx=iot2040/tempA0
Influx value writen: app_MQTT6, iot2040/tempA0, 25.0, 208
MSG Payload=24.0
MSG Topic=iot2040/tempA2
Influx value writen: app_MQTT6, iot2040/tempA2, 24.0, 209
MSG Payload=23.0
MSG Topicx=iot2040/tempA0
Influx value writen: app_MQTT6, iot2040/tempA0, 23.0, 210
MSG Payload=25.0
MSG Topicx=iot2040/tempA0
Influx value writen: app_MQTT6, iot2040/tempA0, 25.0, 211
MSG Payload=22.0
MSG Topic=iot2040/tempA2
Influx value writen: app_MQTT6, iot2040/tempA2, 22.0, 212
MSG Payload=24.0
MSG Topic=iot2040/tempA2
Influx value writen: app_MQTT6, iot2040/tempA2, 24.0, 213
MSG Payload=22.0
MSG Topic=iot2040/tempA2
Influx value writen: app_MQTT6, iot2040/tempA2, 22.0, 214
MSG Payload=23.0
MSG Topicx=iot2040/tempA0
Influx value writen: app_MQTT6, iot2040/tempA0, 23.0, 215
MSG Payload=26.0
MSG Topic=iot2040/tempA2
Influx value writen: app_MQTT6, iot2040/tempA2, 26.0, 216
MSG Payload=24.0
MSG Topic=iot2040/tempA2
Influx value writen: app_MQTT6, iot2040/tempA2, 24.0, 217
MSG Payload=26.0
MSG Topic=iot2040/tempA2
Influx value writen: app_MQTT6, iot2040/tempA2, 26.0, 218
MSG Payload=25.0
MSG Topicx=iot2040/tempA0
Influx value writen: app_MQTT6, iot2040/tempA0, 25.0, 219
MSG Payload=24.0
MSG Topic=iot2040/tempA2
Influx value writen: app_MQTT6, iot2040/tempA2, 24.0, 220
MSG Payload=23.0
MSG Topicx=iot2040/tempA0
Influx value writen: app_MQTT6, iot2040/tempA0, 23.0, 221
MSG Payload=26.0
MSG Topic=iot2040/tempA2
Influx value writen: app_MQTT6, iot2040/tempA2, 26.0, 222
MSG Payload=24.0
MSG Topic=iot2040/tempA2
Influx value writen: app_MQTT6, iot2040/tempA2, 24.0, 223
MSG Payload=25.0
MSG Topicx=iot2040/tempA0
Influx value writen: app_MQTT6, iot2040/tempA0, 25.0, 224
MSG Payload=23.0
MSG Topicx=iot2040/tempA0
Influx value writen: app_MQTT6, iot2040/tempA0, 23.0, 225
MSG Payload=26.0
MSG Topic=iot2040/tempA2
Influx value writen: app_MQTT6, iot2040/tempA2, 26.0, 226
MSG Payload=24.0
MSG Topic=iot2040/tempA2
Influx value writen: app_MQTT6, iot2040/tempA2, 24.0, 227
MSG Payload=22.0
MSG Topic=iot2040/tempA2
Influx value writen: app_MQTT6, iot2040/tempA2, 22.0, 228
MSG Payload=25.0
MSG Topicx=iot2040/tempA0
Influx value writen: app_MQTT6, iot2040/tempA0, 25.0, 229
MSG Payload=24.0
MSG Topic=iot2040/tempA2
Influx value writen: app_MQTT6, iot2040/tempA2, 24.0, 230
MSG Payload=23.0
MSG Topicx=iot2040/tempA0
Influx value writen: app_MQTT6, iot2040/tempA0, 23.0, 231
MSG Payload=26.0
MSG Topic=iot2040/tempA2
Influx value writen: app_MQTT6, iot2040/tempA2, 26.0, 232
MSG Payload=25.0
MSG Topicx=iot2040/tempA0
Influx value writen: app_MQTT6, iot2040/tempA0, 25.0, 233
MSG Payload=24.0
MSG Topic=iot2040/tempA2
Influx value writen: app_MQTT6, iot2040/tempA2, 24.0, 234
MSG Payload=23.0
MSG Topicx=iot2040/tempA0
Influx value writen: app_MQTT6, iot2040/tempA0, 23.0, 235
MSG Payload=25.0
MSG Topicx=iot2040/tempA0
Influx value writen: app_MQTT6, iot2040/tempA0, 25.0, 236
MSG Payload=26.0
MSG Topic=iot2040/tempA2
Influx value writen: app_MQTT6, iot2040/tempA2, 26.0, 237
MSG Payload=23.0
MSG Topicx=iot2040/tempA0
Influx value writen: app_MQTT6, iot2040/tempA0, 23.0, 238
MSG Payload=24.0
MSG Topic=iot2040/tempA2
Influx value writen: app_MQTT6, iot2040/tempA2, 24.0, 239
MSG Payload=25.0
MSG Topicx=iot2040/tempA0
Influx value writen: app_MQTT6, iot2040/tempA0, 25.0, 240
MSG Payload=26.0
MSG Topic=iot2040/tempA2
Influx value writen: app_MQTT6, iot2040/tempA2, 26.0, 241
MSG Payload=22.0
MSG Topic=iot2040/tempA2
Influx value writen: app_MQTT6, iot2040/tempA2, 22.0, 242
MSG Payload=24.0
MSG Topic=iot2040/tempA2
Influx value writen: app_MQTT6, iot2040/tempA2, 24.0, 243
MSG Payload=23.0
MSG Topicx=iot2040/tempA0
Influx value writen: app_MQTT6, iot2040/tempA0, 23.0, 244
MSG Payload=25.0
MSG Topicx=iot2040/tempA0
Influx value writen: app_MQTT6, iot2040/tempA0, 25.0, 245
MSG Payload=26.0
MSG Topic=iot2040/tempA2
Influx value writen: app_MQTT6, iot2040/tempA2, 26.0, 246
MSG Payload=23.0
MSG Topicx=iot2040/tempA0
Influx value writen: app_MQTT6, iot2040/tempA0, 23.0, 247
MSG Payload=24.0
MSG Topic=iot2040/tempA2
Influx value writen: app_MQTT6, iot2040/tempA2, 24.0, 248
MSG Payload=26.0
MSG Topic=iot2040/tempA2
Influx value writen: app_MQTT6, iot2040/tempA2, 26.0, 249
MSG Payload=25.0
MSG Topicx=iot2040/tempA0
Influx value writen: app_MQTT6, iot2040/tempA0, 25.0, 250
MSG Payload=24.0
MSG Topic=iot2040/tempA2
Influx value writen: app_MQTT6, iot2040/tempA2, 24.0, 251
MSG Payload=23.0
MSG Topicx=iot2040/tempA0
Influx value writen: app_MQTT6, iot2040/tempA0, 23.0, 252
MSG Payload=26.0
MSG Topic=iot2040/tempA2
Influx value writen: app_MQTT6, iot2040/tempA2, 26.0, 253
MSG Payload=25.0
MSG Topicx=iot2040/tempA0
Influx value writen: app_MQTT6, iot2040/tempA0, 25.0, 254
MSG Payload=23.0
MSG Topicx=iot2040/tempA0
Influx value writen: app_MQTT6, iot2040/tempA0, 23.0, 255
MSG Payload=25.0
MSG Topicx=iot2040/tempA0
Influx value writen: app_MQTT6, iot2040/tempA0, 25.0, 256
MSG Payload=24.0
MSG Topic=iot2040/tempA2
Influx value writen: app_MQTT6, iot2040/tempA2, 24.0, 257
MSG Payload=26.0
MSG Topic=iot2040/tempA2
Influx value writen: app_MQTT6, iot2040/tempA2, 26.0, 258
MSG Payload=23.0
MSG Topicx=iot2040/tempA0
Influx value writen: app_MQTT6, iot2040/tempA0, 23.0, 259
MSG Payload=24.0
MSG Topic=iot2040/tempA2
Influx value writen: app_MQTT6, iot2040/tempA2, 24.0, 260
MSG Payload=25.0
MSG Topicx=iot2040/tempA0
Influx value writen: app_MQTT6, iot2040/tempA0, 25.0, 261
MSG Payload=22.0
MSG Topic=iot2040/tempA2
Influx value writen: app_MQTT6, iot2040/tempA2, 22.0, 262
MSG Payload=24.0
MSG Topic=iot2040/tempA2
Influx value writen: app_MQTT6, iot2040/tempA2, 24.0, 263
MSG Payload=26.0
MSG Topic=iot2040/tempA2
Influx value writen: app_MQTT6, iot2040/tempA2, 26.0, 264
MSG Payload=24.0
MSG Topic=iot2040/tempA2
Influx value writen: app_MQTT6, iot2040/tempA2, 24.0, 265
MSG Payload=22.0
MSG Topic=iot2040/tempA2
Influx value writen: app_MQTT6, iot2040/tempA2, 22.0, 266
MSG Payload=23.0
MSG Topicx=iot2040/tempA0
Influx value writen: app_MQTT6, iot2040/tempA0, 23.0, 267
MSG Payload=24.0
MSG Topic=iot2040/tempA2
Influx value writen: app_MQTT6, iot2040/tempA2, 24.0, 268
MSG Payload=22.0
MSG Topic=iot2040/tempA2
Influx value writen: app_MQTT6, iot2040/tempA2, 22.0, 269
MSG Payload=25.0
MSG Topicx=iot2040/tempA0
Influx value writen: app_MQTT6, iot2040/tempA0, 25.0, 270
MSG Payload=23.0
MSG Topicx=iot2040/tempA0
Influx value writen: app_MQTT6, iot2040/tempA0, 23.0, 271
MSG Payload=26.0
MSG Topic=iot2040/tempA2
Influx value writen: app_MQTT6, iot2040/tempA2, 26.0, 272
MSG Payload=25.0
MSG Topicx=iot2040/tempA0
Influx value writen: app_MQTT6, iot2040/tempA0, 25.0, 273
MSG Payload=24.0
MSG Topic=iot2040/tempA2
Influx value writen: app_MQTT6, iot2040/tempA2, 24.0, 274
MSG Payload=26.0
MSG Topic=iot2040/tempA2
Influx value writen: app_MQTT6, iot2040/tempA2, 26.0, 275
MSG Payload=23.0
MSG Topicx=iot2040/tempA0
Influx value writen: app_MQTT6, iot2040/tempA0, 23.0, 276
MSG Payload=25.0
MSG Topicx=iot2040/tempA0
Influx value writen: app_MQTT6, iot2040/tempA0, 25.0, 277
MSG Payload=24.0
MSG Topic=iot2040/tempA2
Influx value writen: app_MQTT6, iot2040/tempA2, 24.0, 278
MSG Payload=23.0
MSG Topicx=iot2040/tempA0
Influx value writen: app_MQTT6, iot2040/tempA0, 23.0, 279
MSG Payload=22.0
MSG Topic=iot2040/tempA2
Influx value writen: app_MQTT6, iot2040/tempA2, 22.0, 280
MSG Payload=24.0
MSG Topic=iot2040/tempA2
Influx value writen: app_MQTT6, iot2040/tempA2, 24.0, 281
MSG Payload=25.0
MSG Topicx=iot2040/tempA0
Influx value writen: app_MQTT6, iot2040/tempA0, 25.0, 282
MSG Payload=23.0
MSG Topicx=iot2040/tempA0
Influx value writen: app_MQTT6, iot2040/tempA0, 23.0, 283
MSG Payload=26.0
MSG Topic=iot2040/tempA2
Influx value writen: app_MQTT6, iot2040/tempA2, 26.0, 284
MSG Payload=25.0
MSG Topicx=iot2040/tempA0
Influx value writen: app_MQTT6, iot2040/tempA0, 25.0, 285
MSG Payload=22.0
MSG Topic=iot2040/tempA2
Influx value writen: app_MQTT6, iot2040/tempA2, 22.0, 286
MSG Payload=24.0
MSG Topic=iot2040/tempA2
Influx value writen: app_MQTT6, iot2040/tempA2, 24.0, 287
MSG Payload=23.0
MSG Topicx=iot2040/tempA0
Influx value writen: app_MQTT6, iot2040/tempA0, 23.0, 288
MSG Payload=26.0
MSG Topic=iot2040/tempA2
Influx value writen: app_MQTT6, iot2040/tempA2, 26.0, 289
MSG Payload=24.0
MSG Topic=iot2040/tempA2
Influx value writen: app_MQTT6, iot2040/tempA2, 24.0, 290
MSG Payload=25.0
MSG Topicx=iot2040/tempA0
Influx value writen: app_MQTT6, iot2040/tempA0, 25.0, 291
MSG Payload=26.0
MSG Topic=iot2040/tempA2
Influx value writen: app_MQTT6, iot2040/tempA2, 26.0, 292
MSG Payload=24.0
MSG Topic=iot2040/tempA2
Influx value writen: app_MQTT6, iot2040/tempA2, 24.0, 293
MSG Payload=26.0
MSG Topic=iot2040/tempA2
Influx value writen: app_MQTT6, iot2040/tempA2, 26.0, 294
MSG Payload=24.0
MSG Topic=iot2040/tempA2
Influx value writen: app_MQTT6, iot2040/tempA2, 24.0, 295
MSG Payload=23.0
MSG Topicx=iot2040/tempA0
Influx value writen: app_MQTT6, iot2040/tempA0, 23.0, 296
MSG Payload=26.0
MSG Topic=iot2040/tempA2
Influx value writen: app_MQTT6, iot2040/tempA2, 26.0, 297
MSG Payload=25.0
MSG Topicx=iot2040/tempA0
Influx value writen: app_MQTT6, iot2040/tempA0, 25.0, 298
MSG Payload=23.0
MSG Topicx=iot2040/tempA0
Influx value writen: app_MQTT6, iot2040/tempA0, 23.0, 299
MSG Payload=24.0
MSG Topic=iot2040/tempA2
Influx value writen: app_MQTT6, iot2040/tempA2, 24.0, 300
MSG Payload=26.0
MSG Topic=iot2040/tempA2
Influx value writen: app_MQTT6, iot2040/tempA2, 26.0, 301
MSG Payload=25.0
MSG Topicx=iot2040/tempA0
Influx value writen: app_MQTT6, iot2040/tempA0, 25.0, 302
MSG Payload=24.0
MSG Topic=iot2040/tempA2
Influx value writen: app_MQTT6, iot2040/tempA2, 24.0, 303
MSG Payload=23.0
MSG Topicx=iot2040/tempA0
Influx value writen: app_MQTT6, iot2040/tempA0, 23.0, 304
MSG Payload=25.0
MSG Topicx=iot2040/tempA0
Influx value writen: app_MQTT6, iot2040/tempA0, 25.0, 305
MSG Payload=26.0
MSG Topic=iot2040/tempA2
Influx value writen: app_MQTT6, iot2040/tempA2, 26.0, 306
MSG Payload=23.0
MSG Topicx=iot2040/tempA0
Influx value writen: app_MQTT6, iot2040/tempA0, 23.0, 307
MSG Payload=24.0
MSG Topic=iot2040/tempA2
Influx value writen: app_MQTT6, iot2040/tempA2, 24.0, 308
MSG Payload=26.0
MSG Topic=iot2040/tempA2
Influx value writen: app_MQTT6, iot2040/tempA2, 26.0, 309
MSG Payload=25.0
MSG Topicx=iot2040/tempA0
Influx value writen: app_MQTT6, iot2040/tempA0, 25.0, 310
MSG Payload=24.0
MSG Topic=iot2040/tempA2
Influx value writen: app_MQTT6, iot2040/tempA2, 24.0, 311
MSG Payload=23.0
MSG Topicx=iot2040/tempA0
Influx value writen: app_MQTT6, iot2040/tempA0, 23.0, 312
MSG Payload=26.0
MSG Topic=iot2040/tempA2
Influx value writen: app_MQTT6, iot2040/tempA2, 26.0, 313
MSG Payload=24.0
MSG Topic=iot2040/tempA2
Influx value writen: app_MQTT6, iot2040/tempA2, 24.0, 314
MSG Payload=22.0
MSG Topic=iot2040/tempA2
Influx value writen: app_MQTT6, iot2040/tempA2, 22.0, 315
MSG Payload=25.0
MSG Topicx=iot2040/tempA0
Influx value writen: app_MQTT6, iot2040/tempA0, 25.0, 316
MSG Payload=23.0
MSG Topicx=iot2040/tempA0
Influx value writen: app_MQTT6, iot2040/tempA0, 23.0, 317
MSG Payload=26.0
MSG Topic=iot2040/tempA2
Influx value writen: app_MQTT6, iot2040/tempA2, 26.0, 318
MSG Payload=24.0
MSG Topic=iot2040/tempA2
Influx value writen: app_MQTT6, iot2040/tempA2, 24.0, 319
MSG Payload=26.0
MSG Topic=iot2040/tempA2
Influx value writen: app_MQTT6, iot2040/tempA2, 26.0, 320
MSG Payload=25.0
MSG Topicx=iot2040/tempA0
Influx value writen: app_MQTT6, iot2040/tempA0, 25.0, 321
MSG Payload=24.0
MSG Topic=iot2040/tempA2
Influx value writen: app_MQTT6, iot2040/tempA2, 24.0, 322
MSG Payload=26.0
MSG Topic=iot2040/tempA2
Influx value writen: app_MQTT6, iot2040/tempA2, 26.0, 323
MSG Payload=23.0
MSG Topicx=iot2040/tempA0
Influx value writen: app_MQTT6, iot2040/tempA0, 23.0, 324
MSG Payload=24.0
MSG Topic=iot2040/tempA2
Influx value writen: app_MQTT6, iot2040/tempA2, 24.0, 325
MSG Payload=25.0
MSG Topicx=iot2040/tempA0
Influx value writen: app_MQTT6, iot2040/tempA0, 25.0, 326
MSG Payload=26.0
MSG Topic=iot2040/tempA2
Influx value writen: app_MQTT6, iot2040/tempA2, 26.0, 327
MSG Payload=22.0
MSG Topic=iot2040/tempA2
Influx value writen: app_MQTT6, iot2040/tempA2, 22.0, 328
MSG Payload=23.0
MSG Topicx=iot2040/tempA0
Influx value writen: app_MQTT6, iot2040/tempA0, 23.0, 329
MSG Payload=24.0
MSG Topic=iot2040/tempA2
Influx value writen: app_MQTT6, iot2040/tempA2, 24.0, 330
MSG Payload=25.0
MSG Topicx=iot2040/tempA0
Influx value writen: app_MQTT6, iot2040/tempA0, 25.0, 331
MSG Payload=26.0
MSG Topic=iot2040/tempA2
Influx value writen: app_MQTT6, iot2040/tempA2, 26.0, 332
MSG Payload=23.0
MSG Topicx=iot2040/tempA0
Influx value writen: app_MQTT6, iot2040/tempA0, 23.0, 333
MSG Payload=22.0
MSG Topic=iot2040/tempA2
Influx value writen: app_MQTT6, iot2040/tempA2, 22.0, 334
MSG Payload=25.0
MSG Topicx=iot2040/tempA0
Influx value writen: app_MQTT6, iot2040/tempA0, 25.0, 335
MSG Payload=24.0
MSG Topic=iot2040/tempA2
Influx value writen: app_MQTT6, iot2040/tempA2, 24.0, 336
MSG Payload=23.0
MSG Topicx=iot2040/tempA0
Influx value writen: app_MQTT6, iot2040/tempA0, 23.0, 337
MSG Payload=26.0
MSG Topic=iot2040/tempA2
Influx value writen: app_MQTT6, iot2040/tempA2, 26.0, 338
MSG Payload=25.0
MSG Topicx=iot2040/tempA0
Influx value writen: app_MQTT6, iot2040/tempA0, 25.0, 339
MSG Payload=24.0
MSG Topic=iot2040/tempA2
Influx value writen: app_MQTT6, iot2040/tempA2, 24.0, 340
MSG Payload=23.0
MSG Topicx=iot2040/tempA0
Influx value writen: app_MQTT6, iot2040/tempA0, 23.0, 341
MSG Payload=22.0
MSG Topic=iot2040/tempA2
Influx value writen: app_MQTT6, iot2040/tempA2, 22.0, 342
MSG Payload=25.0
MSG Topicx=iot2040/tempA0
Influx value writen: app_MQTT6, iot2040/tempA0, 25.0, 343
MSG Payload=24.0
MSG Topic=iot2040/tempA2
Influx value writen: app_MQTT6, iot2040/tempA2, 24.0, 344
MSG Payload=23.0
MSG Topicx=iot2040/tempA0
Influx value writen: app_MQTT6, iot2040/tempA0, 23.0, 345
MSG Payload=26.0
MSG Topic=iot2040/tempA2
Influx value writen: app_MQTT6, iot2040/tempA2, 26.0, 346
