Started at: 1658433134.458226
Opened database successfully
Found table successfully
Display Script Successfully Updated in SQLight
{'module': 'script_MQTT.myscript', 'name': 'app_MQTT5', 'group': ['group1', '', ''], 'logfile': True, 'autorestart': 1, 'logdir': 'C:\\Users\\Jeff\\Desktop\\SilentPyton\\SilentPyton\\logs\\app_MQTT5/2022_07_21-11_52_14.log', 'pid': 8540, 'status': 1, 'state': 'starting', 'ts_created': 1658433134.458226, 'count_cycle': 0}
try import.......script_MQTT.myscript
Python Code==========================================
Connected with result code 0
Influx client connected: Scripts
MSG Payload=23.0
MSG Topicx=iot2040/tempA0
MSG Payload=24.0
MSG Topic=iot2040/tempA2
MSG Payload=22.0
MSG Topic=iot2040/tempA2
loops started
MSG Payload=26.0
MSG Topic=iot2040/tempA2
MSG Payload=22.0
MSG Topic=iot2040/tempA2
MSG Payload=25.0
MSG Topicx=iot2040/tempA0
MSG Payload=24.0
MSG Topic=iot2040/tempA2
ERROR: Influx Write:1 - Buffer 6 - e:{'state': True, 'value': 0, 'msg': 'influx_write: <urllib3.connection.HTTPConnection object at 0x0000020EC9CA26B0>: Failed to establish a new connection: [WinError 10061] No connection could be made because the target machine actively refused it'}
MSG Payload=23.0
MSG Topicx=iot2040/tempA0
MSG Payload=26.0
MSG Topic=iot2040/tempA2
Influx Connection: Error
MSG Payload=24.0
MSG Topic=iot2040/tempA2
MSG Payload=25.0
MSG Topicx=iot2040/tempA0
MSG Payload=26.0
MSG Topic=iot2040/tempA2
Influx client connected: Scripts
MSG Payload=23.0
MSG Topicx=iot2040/tempA0
MSG Payload=24.0
MSG Topic=iot2040/tempA2
MSG Payload=22.0
MSG Topic=iot2040/tempA2
MSG Payload=26.0
MSG Topic=iot2040/tempA2
MSG Payload=22.0
MSG Topic=iot2040/tempA2
ERROR: Influx Write:1 - Buffer 16 - e:{'state': True, 'value': 0, 'msg': 'influx_write: <urllib3.connection.HTTPConnection object at 0x0000020EC9CA3070>: Failed to establish a new connection: [WinError 10061] No connection could be made because the target machine actively refused it'}
Influx Connection: Error
MSG Payload=25.0
MSG Topicx=iot2040/tempA0
MSG Payload=24.0
MSG Topic=iot2040/tempA2
Influx client connected: Scripts
MSG Payload=23.0
MSG Topicx=iot2040/tempA0
MSG Payload=26.0
MSG Topic=iot2040/tempA2
MSG Payload=24.0
MSG Topic=iot2040/tempA2
ERROR: Influx Write:1 - Buffer 21 - e:{'state': True, 'value': 0, 'msg': 'influx_write: <urllib3.connection.HTTPConnection object at 0x0000020EC9C63CD0>: Failed to establish a new connection: [WinError 10061] No connection could be made because the target machine actively refused it'}
Influx Connection: Error
MSG Payload=25.0
MSG Topicx=iot2040/tempA0
MSG Payload=23.0
MSG Topicx=iot2040/tempA0
MSG Payload=26.0
MSG Topic=iot2040/tempA2
MSG Payload=24.0
MSG Topic=iot2040/tempA2
Influx client connected: Scripts
MSG Payload=22.0
MSG Topic=iot2040/tempA2
MSG Payload=25.0
MSG Topicx=iot2040/tempA0
MSG Payload=24.0
MSG Topic=iot2040/tempA2
MSG Payload=23.0
MSG Topicx=iot2040/tempA0
MSG Payload=25.0
MSG Topicx=iot2040/tempA0
ERROR: Influx Write:1 - Buffer 30 - e:{'state': True, 'value': 0, 'msg': 'influx_write: <urllib3.connection.HTTPConnection object at 0x0000020EC9CA2BC0>: Failed to establish a new connection: [WinError 10061] No connection could be made because the target machine actively refused it'}
MSG Payload=23.0
MSG Topicx=iot2040/tempA0
MSG Payload=26.0
MSG Topic=iot2040/tempA2
Influx Connection: Error
MSG Payload=25.0
MSG Topicx=iot2040/tempA0
MSG Payload=24.0
MSG Topic=iot2040/tempA2
MSG Payload=23.0
MSG Topicx=iot2040/tempA0
MSG Payload=22.0
MSG Topic=iot2040/tempA2
MSG Payload=26.0
MSG Topic=iot2040/tempA2
Influx client connected: Scripts
MSG Payload=24.0
MSG Topic=iot2040/tempA2
MSG Payload=22.0
MSG Topic=iot2040/tempA2
MSG Payload=24.0
MSG Topic=iot2040/tempA2
ERROR: Influx Write:1 - Buffer 40 - e:{'state': True, 'value': 0, 'msg': 'influx_write: <urllib3.connection.HTTPConnection object at 0x0000020EC9CA3F40>: Failed to establish a new connection: [WinError 10061] No connection could be made because the target machine actively refused it'}
Influx Connection: Error
Influx client connected: Scripts
MSG Payload=25.0
MSG Topicx=iot2040/tempA0
MSG Payload=22.0
MSG Topic=iot2040/tempA2
MSG Payload=26.0
MSG Topic=iot2040/tempA2
MSG Payload=23.0
MSG Topicx=iot2040/tempA0
MSG Payload=22.0
MSG Topic=iot2040/tempA2
MSG Payload=25.0
MSG Topicx=iot2040/tempA0
MSG Payload=24.0
MSG Topic=iot2040/tempA2
ERROR: Influx Write:1 - Buffer 47 - e:{'state': True, 'value': 0, 'msg': 'influx_write: <urllib3.connection.HTTPConnection object at 0x0000020EC9D28460>: Failed to establish a new connection: [WinError 10061] No connection could be made because the target machine actively refused it'}
Influx Connection: Error
MSG Payload=23.0
MSG Topicx=iot2040/tempA0
MSG Payload=25.0
MSG Topicx=iot2040/tempA0
MSG Payload=26.0
MSG Topic=iot2040/tempA2
Influx client connected: Scripts
MSG Payload=23.0
MSG Topicx=iot2040/tempA0
MSG Payload=25.0
MSG Topicx=iot2040/tempA0
MSG Payload=24.0
MSG Topic=iot2040/tempA2
MSG Payload=23.0
MSG Topicx=iot2040/tempA0
MSG Payload=26.0
MSG Topic=iot2040/tempA2
ERROR: Influx Write:1 - Buffer 55 - e:{'state': True, 'value': 0, 'msg': 'influx_write: <urllib3.connection.HTTPConnection object at 0x0000020EC9C62A10>: Failed to establish a new connection: [WinError 10061] No connection could be made because the target machine actively refused it'}
MSG Payload=25.0
MSG Topicx=iot2040/tempA0
MSG Payload=24.0
MSG Topic=iot2040/tempA2
Influx Connection: Error
MSG Payload=23.0
MSG Topicx=iot2040/tempA0
MSG Payload=25.0
MSG Topicx=iot2040/tempA0
MSG Payload=26.0
MSG Topic=iot2040/tempA2
MSG Payload=23.0
MSG Topicx=iot2040/tempA0
MSG Payload=24.0
MSG Topic=iot2040/tempA2
MSG Payload=26.0
MSG Topic=iot2040/tempA2
Influx client connected: Scripts
MSG Payload=24.0
MSG Topic=iot2040/tempA2
ERROR: Influx Write:1 - Buffer 64 - e:{'state': True, 'value': 0, 'msg': 'influx_write: <urllib3.connection.HTTPConnection object at 0x0000020EC9CA3310>: Failed to establish a new connection: [WinError 10061] No connection could be made because the target machine actively refused it'}
Influx Connection: Error
MSG Payload=25.0
MSG Topicx=iot2040/tempA0
MSG Payload=23.0
MSG Topicx=iot2040/tempA0
MSG Payload=22.0
MSG Topic=iot2040/tempA2
MSG Payload=24.0
MSG Topic=iot2040/tempA2
Influx client connected: Scripts
MSG Payload=22.0
MSG Topic=iot2040/tempA2
MSG Payload=24.0
MSG Topic=iot2040/tempA2
MSG Payload=25.0
MSG Topicx=iot2040/tempA0
ERROR: Influx Write:1 - Buffer 71 - e:{'state': True, 'value': 0, 'msg': 'influx_write: <urllib3.connection.HTTPConnection object at 0x0000020EC9CA2DA0>: Failed to establish a new connection: [WinError 10061] No connection could be made because the target machine actively refused it'}
Influx Connection: Error
MSG Payload=26.0
MSG Topic=iot2040/tempA2
MSG Payload=24.0
MSG Topic=iot2040/tempA2
MSG Payload=21.0
MSG Topicx=iot2040/tempA0
MSG Payload=23.0
MSG Topicx=iot2040/tempA0
Influx client connected: Scripts
MSG Payload=26.0
MSG Topic=iot2040/tempA2
MSG Payload=25.0
MSG Topicx=iot2040/tempA0
MSG Payload=22.0
MSG Topic=iot2040/tempA2
MSG Payload=23.0
MSG Topicx=iot2040/tempA0
MSG Payload=24.0
MSG Topic=iot2040/tempA2
ERROR: Influx Write:1 - Buffer 80 - e:{'state': True, 'value': 0, 'msg': 'influx_write: <urllib3.connection.HTTPConnection object at 0x0000020EC9D28C70>: Failed to establish a new connection: [WinError 10061] No connection could be made because the target machine actively refused it'}
Influx Connection: Error
MSG Payload=26.0
MSG Topic=iot2040/tempA2
MSG Payload=24.0
MSG Topic=iot2040/tempA2
MSG Payload=25.0
MSG Topicx=iot2040/tempA0
MSG Payload=22.0
MSG Topic=iot2040/tempA2
Influx client connected: Scripts
MSG Payload=23.0
MSG Topicx=iot2040/tempA0
MSG Payload=24.0
MSG Topic=iot2040/tempA2
ERROR: Influx Write:1 - Buffer 86 - e:{'state': True, 'value': 0, 'msg': 'influx_write: <urllib3.connection.HTTPConnection object at 0x0000020EC9C62A10>: Failed to establish a new connection: [WinError 10061] No connection could be made because the target machine actively refused it'}
Influx Connection: Error
MSG Payload=25.0
MSG Topicx=iot2040/tempA0
MSG Payload=22.0
MSG Topic=iot2040/tempA2
MSG Payload=24.0
MSG Topic=iot2040/tempA2
MSG Payload=23.0
MSG Topicx=iot2040/tempA0
MSG Payload=22.0
MSG Topic=iot2040/tempA2
MSG Payload=24.0
MSG Topic=iot2040/tempA2
Influx client connected: Scripts
MSG Payload=25.0
MSG Topicx=iot2040/tempA0
MSG Payload=26.0
MSG Topic=iot2040/tempA2
MSG Payload=23.0
MSG Topicx=iot2040/tempA0
MSG Payload=24.0
MSG Topic=iot2040/tempA2
MSG Payload=26.0
MSG Topic=iot2040/tempA2
ERROR: Influx Write:1 - Buffer 97 - e:{'state': True, 'value': 0, 'msg': 'influx_write: <urllib3.connection.HTTPConnection object at 0x0000020EC9CA3460>: Failed to establish a new connection: [WinError 10061] No connection could be made because the target machine actively refused it'}
Influx Connection: Error
MSG Payload=22.0
MSG Topic=iot2040/tempA2
MSG Payload=25.0
MSG Topicx=iot2040/tempA0
MSG Payload=24.0
MSG Topic=iot2040/tempA2
MSG Payload=23.0
MSG Topicx=iot2040/tempA0
Influx client connected: Scripts
ERROR: Influx Write:1 - Buffer 100 - e:{'state': True, 'value': 0, 'msg': 'influx_write: <urllib3.connection.HTTPConnection object at 0x0000020EC9CA2AA0>: Failed to establish a new connection: [WinError 10061] No connection could be made because the target machine actively refused it'}
Influx Connection: Error
Influx client connected: Scripts
